<?xml version="1.0" encoding="utf-8"?>
<CoverageSession xmlns:xsd="http://www.w3.org/2001/XMLSchema" xmlns:xsi="http://www.w3.org/2001/XMLSchema-instance" Version="4.6.0.0">
  <Summary numSequencePoints="415" visitedSequencePoints="0" numBranchPoints="71" visitedBranchPoints="0" sequenceCoverage="0" branchCoverage="0" maxCyclomaticComplexity="2" minCyclomaticComplexity="1" maxCrapScore="6" minCrapScore="2" visitedClasses="0" numClasses="7" visitedMethods="0" numMethods="69" />
  <Modules>
    <Module hash="F9-B3-2B-5A-40-7A-70-7E-14-9A-9E-17-45-F3-F1-96-C1-8C-50-BB">
      <Summary numSequencePoints="415" visitedSequencePoints="0" numBranchPoints="71" visitedBranchPoints="0" sequenceCoverage="0" branchCoverage="0" maxCyclomaticComplexity="2" minCyclomaticComplexity="1" maxCrapScore="6" minCrapScore="2" visitedClasses="0" numClasses="7" visitedMethods="0" numMethods="69" />
      <ModulePath>C:\Users\MarjanPC\source\repos\lunggo\Lunggo.ApCommonTests\bin\Debug\Lunggo.ApCommonTests.dll</ModulePath>
      <ModuleTime>2017-11-01T11:03:29.0695744Z</ModuleTime>
      <ModuleName>Lunggo.ApCommonTests</ModuleName>
      <Files>
        <File uid="1" fullPath="C:\Users\MarjanPC\source\repos\lunggo\Lunggo.ApCommonTests\Init\Initializer.cs" />
        <File uid="2" fullPath="C:\Users\MarjanPC\source\repos\lunggo\Lunggo.ApCommonTests\Activity\Service\ModelConversionTests.cs" />
        <File uid="3" fullPath="C:\Users\MarjanPC\source\repos\lunggo\Lunggo.ApCommonTests\Activity\Service\InitTests.cs" />
        <File uid="4" fullPath="C:\Users\MarjanPC\source\repos\lunggo\Lunggo.ApCommonTests\Activity\ApiSrc\SearchLogic\SearchApiTests.cs" />
        <File uid="5" fullPath="C:\Users\MarjanPC\source\repos\lunggo\Lunggo.ApCommonTests\Activity\ApiSrc\SearchLogic\TryPreprocessTests.cs" />
        <File uid="6" fullPath="C:\Users\MarjanPC\source\repos\lunggo\Lunggo.ApCommonTests\Activity\ApiSrc\GetDetailLogic\TryPreprocessTests.cs" />
        <File uid="7" fullPath="C:\Users\MarjanPC\source\repos\lunggo\Lunggo.ApCommonTests\Activity\ApiSrc\GetDetailLogic\GetDetailApiTests.cs" />
        <File uid="8" fullPath="C:\Users\MarjanPC\source\repos\lunggo\Lunggo.ApCommonTests\Activity\ApiSrc\GetAvailableLogic\GetAvailableApiTests.cs" />
        <File uid="9" fullPath="C:\Users\MarjanPC\source\repos\lunggo\Lunggo.ApCommonTests\Activity\ApiSrc\GetAvailableLogic\TryPreprocessTests.cs" />
        <File uid="10" fullPath="C:\Users\MarjanPC\source\repos\lunggo\Lunggo.ApCommonTests\Activity\ApiSrc\BookLogic\BookApiTests.cs" />
      </Files>
      <Classes>
        <Class>
          <Summary numSequencePoints="8" visitedSequencePoints="0" numBranchPoints="2" visitedBranchPoints="0" sequenceCoverage="0" branchCoverage="0" maxCyclomaticComplexity="1" minCyclomaticComplexity="1" maxCrapScore="2" minCrapScore="2" visitedClasses="0" numClasses="1" visitedMethods="0" numMethods="2" />
          <FullName>Lunggo.ApCommonTests.Init.Initializer</FullName>
          <Methods>
            <Method visited="false" cyclomaticComplexity="1" nPathComplexity="0" sequenceCoverage="0" branchCoverage="0" crapScore="2" isConstructor="false" isStatic="true" isGetter="false" isSetter="false">
              <Summary numSequencePoints="3" visitedSequencePoints="0" numBranchPoints="1" visitedBranchPoints="0" sequenceCoverage="0" branchCoverage="0" maxCyclomaticComplexity="1" minCyclomaticComplexity="1" maxCrapScore="2" minCrapScore="2" visitedClasses="0" numClasses="0" visitedMethods="0" numMethods="1" />
              <MetadataToken>100663297</MetadataToken>
              <Name>System.Void Lunggo.ApCommonTests.Init.Initializer::Init()</Name>
              <FileRef uid="1" />
              <SequencePoints>
                <SequencePoint vc="0" uspid="1" ordinal="0" offset="0" sl="8" sc="9" el="8" ec="10" bec="0" bev="0" fileid="1" />
                <SequencePoint vc="0" uspid="2" ordinal="1" offset="1" sl="9" sc="13" el="9" ec="22" bec="0" bev="0" fileid="1" />
                <SequencePoint vc="0" uspid="3" ordinal="2" offset="7" sl="10" sc="9" el="10" ec="10" bec="0" bev="0" fileid="1" />
              </SequencePoints>
              <BranchPoints />
              <MethodPoint xsi:type="SequencePoint" vc="0" uspid="1" ordinal="0" offset="0" sl="8" sc="9" el="8" ec="10" bec="0" bev="0" fileid="1" />
            </Method>
            <Method visited="false" cyclomaticComplexity="1" nPathComplexity="0" sequenceCoverage="0" branchCoverage="0" crapScore="2" isConstructor="false" isStatic="true" isGetter="false" isSetter="false">
              <Summary numSequencePoints="5" visitedSequencePoints="0" numBranchPoints="1" visitedBranchPoints="0" sequenceCoverage="0" branchCoverage="0" maxCyclomaticComplexity="1" minCyclomaticComplexity="1" maxCrapScore="2" minCrapScore="2" visitedClasses="0" numClasses="0" visitedMethods="0" numMethods="1" />
              <MetadataToken>100663298</MetadataToken>
              <Name>System.Void Lunggo.ApCommonTests.Init.Initializer::InitDb()</Name>
              <FileRef uid="1" />
              <SequencePoints>
                <SequencePoint vc="0" uspid="4" ordinal="0" offset="0" sl="13" sc="9" el="13" ec="10" bec="0" bev="0" fileid="1" />
                <SequencePoint vc="0" uspid="5" ordinal="1" offset="1" sl="14" sc="13" el="14" ec="260" bec="0" bev="0" fileid="1" />
                <SequencePoint vc="0" uspid="6" ordinal="2" offset="7" sl="15" sc="13" el="15" ec="52" bec="0" bev="0" fileid="1" />
                <SequencePoint vc="0" uspid="7" ordinal="3" offset="13" sl="16" sc="13" el="16" ec="39" bec="0" bev="0" fileid="1" />
                <SequencePoint vc="0" uspid="8" ordinal="4" offset="21" sl="17" sc="9" el="17" ec="10" bec="0" bev="0" fileid="1" />
              </SequencePoints>
              <BranchPoints />
              <MethodPoint xsi:type="SequencePoint" vc="0" uspid="4" ordinal="0" offset="0" sl="13" sc="9" el="13" ec="10" bec="0" bev="0" fileid="1" />
            </Method>
          </Methods>
        </Class>
        <Class>
          <Summary numSequencePoints="102" visitedSequencePoints="0" numBranchPoints="21" visitedBranchPoints="0" sequenceCoverage="0" branchCoverage="0" maxCyclomaticComplexity="2" minCyclomaticComplexity="1" maxCrapScore="6" minCrapScore="2" visitedClasses="0" numClasses="1" visitedMethods="0" numMethods="19" />
          <FullName>Lunggo.ApCommonTests.Activity.Service.ActivityServiceTests</FullName>
          <Methods>
            <Method visited="false" cyclomaticComplexity="1" nPathComplexity="0" sequenceCoverage="0" branchCoverage="0" crapScore="2" isConstructor="false" isStatic="false" isGetter="false" isSetter="false">
              <Summary numSequencePoints="5" visitedSequencePoints="0" numBranchPoints="1" visitedBranchPoints="0" sequenceCoverage="0" branchCoverage="0" maxCyclomaticComplexity="1" minCyclomaticComplexity="1" maxCrapScore="2" minCrapScore="2" visitedClasses="0" numClasses="0" visitedMethods="0" numMethods="1" />
              <MetadataToken>100663299</MetadataToken>
              <Name>System.Void Lunggo.ApCommonTests.Activity.Service.ActivityServiceTests::ConvertToReservationForDisplay_null_returnNull()</Name>
              <FileRef uid="2" />
              <SequencePoints>
                <SequencePoint vc="0" uspid="9" ordinal="0" offset="0" sl="17" sc="9" el="17" ec="10" bec="0" bev="0" fileid="2" />
                <SequencePoint vc="0" uspid="10" ordinal="1" offset="1" sl="18" sc="13" el="18" ec="46" bec="0" bev="0" fileid="2" />
                <SequencePoint vc="0" uspid="11" ordinal="2" offset="3" sl="19" sc="13" el="19" ec="94" bec="0" bev="0" fileid="2" />
                <SequencePoint vc="0" uspid="12" ordinal="3" offset="15" sl="20" sc="13" el="20" ec="35" bec="0" bev="0" fileid="2" />
                <SequencePoint vc="0" uspid="13" ordinal="4" offset="22" sl="21" sc="9" el="21" ec="10" bec="0" bev="0" fileid="2" />
              </SequencePoints>
              <BranchPoints />
              <MethodPoint xsi:type="SequencePoint" vc="0" uspid="9" ordinal="0" offset="0" sl="17" sc="9" el="17" ec="10" bec="0" bev="0" fileid="2" />
            </Method>
            <Method visited="false" cyclomaticComplexity="1" nPathComplexity="0" sequenceCoverage="0" branchCoverage="0" crapScore="2" isConstructor="false" isStatic="false" isGetter="false" isSetter="false">
              <Summary numSequencePoints="5" visitedSequencePoints="0" numBranchPoints="1" visitedBranchPoints="0" sequenceCoverage="0" branchCoverage="0" maxCyclomaticComplexity="1" minCyclomaticComplexity="1" maxCrapScore="2" minCrapScore="2" visitedClasses="0" numClasses="0" visitedMethods="0" numMethods="1" />
              <MetadataToken>100663300</MetadataToken>
              <Name>System.Void Lunggo.ApCommonTests.Activity.Service.ActivityServiceTests::ConvertToActivityDetailForDisplay_null_returnNull()</Name>
              <FileRef uid="2" />
              <SequencePoints>
                <SequencePoint vc="0" uspid="14" ordinal="0" offset="0" sl="53" sc="9" el="53" ec="10" bec="0" bev="0" fileid="2" />
                <SequencePoint vc="0" uspid="15" ordinal="1" offset="1" sl="54" sc="13" el="54" ec="41" bec="0" bev="0" fileid="2" />
                <SequencePoint vc="0" uspid="16" ordinal="2" offset="3" sl="55" sc="13" el="55" ec="97" bec="0" bev="0" fileid="2" />
                <SequencePoint vc="0" uspid="17" ordinal="3" offset="15" sl="56" sc="13" el="56" ec="35" bec="0" bev="0" fileid="2" />
                <SequencePoint vc="0" uspid="18" ordinal="4" offset="22" sl="57" sc="9" el="57" ec="10" bec="0" bev="0" fileid="2" />
              </SequencePoints>
              <BranchPoints />
              <MethodPoint xsi:type="SequencePoint" vc="0" uspid="14" ordinal="0" offset="0" sl="53" sc="9" el="53" ec="10" bec="0" bev="0" fileid="2" />
            </Method>
            <Method visited="false" cyclomaticComplexity="1" nPathComplexity="0" sequenceCoverage="0" branchCoverage="0" crapScore="2" isConstructor="false" isStatic="false" isGetter="false" isSetter="false">
              <Summary numSequencePoints="6" visitedSequencePoints="0" numBranchPoints="1" visitedBranchPoints="0" sequenceCoverage="0" branchCoverage="0" maxCyclomaticComplexity="1" minCyclomaticComplexity="1" maxCrapScore="2" minCrapScore="2" visitedClasses="0" numClasses="0" visitedMethods="0" numMethods="1" />
              <MetadataToken>100663301</MetadataToken>
              <Name>System.Void Lunggo.ApCommonTests.Activity.Service.ActivityServiceTests::ConvertToActivityDetailForDisplay_valid_returnConvertedAct()</Name>
              <FileRef uid="2" />
              <SequencePoints>
                <SequencePoint vc="0" uspid="19" ordinal="0" offset="0" sl="61" sc="9" el="61" ec="10" bec="0" bev="0" fileid="2" />
                <SequencePoint vc="0" uspid="20" ordinal="1" offset="1" sl="62" sc="13" el="65" ec="15" bec="0" bev="0" fileid="2" />
                <SequencePoint vc="0" uspid="21" ordinal="2" offset="16" sl="67" sc="13" el="67" ec="103" bec="0" bev="0" fileid="2" />
                <SequencePoint vc="0" uspid="22" ordinal="3" offset="28" sl="69" sc="13" el="72" ec="15" bec="0" bev="0" fileid="2" />
                <SequencePoint vc="0" uspid="23" ordinal="4" offset="43" sl="74" sc="13" el="74" ec="81" bec="0" bev="0" fileid="2" />
                <SequencePoint vc="0" uspid="24" ordinal="5" offset="61" sl="75" sc="9" el="75" ec="10" bec="0" bev="0" fileid="2" />
              </SequencePoints>
              <BranchPoints />
              <MethodPoint xsi:type="SequencePoint" vc="0" uspid="19" ordinal="0" offset="0" sl="61" sc="9" el="61" ec="10" bec="0" bev="0" fileid="2" />
            </Method>
            <Method visited="false" cyclomaticComplexity="1" nPathComplexity="0" sequenceCoverage="0" branchCoverage="0" crapScore="2" isConstructor="false" isStatic="false" isGetter="false" isSetter="false">
              <Summary numSequencePoints="5" visitedSequencePoints="0" numBranchPoints="1" visitedBranchPoints="0" sequenceCoverage="0" branchCoverage="0" maxCyclomaticComplexity="1" minCyclomaticComplexity="1" maxCrapScore="2" minCrapScore="2" visitedClasses="0" numClasses="0" visitedMethods="0" numMethods="1" />
              <MetadataToken>100663302</MetadataToken>
              <Name>System.Void Lunggo.ApCommonTests.Activity.Service.ActivityServiceTests::ConvertToActivityDetailForDisplay_ListofNull_returnNull()</Name>
              <FileRef uid="2" />
              <SequencePoints>
                <SequencePoint vc="0" uspid="25" ordinal="0" offset="0" sl="79" sc="9" el="79" ec="10" bec="0" bev="0" fileid="2" />
                <SequencePoint vc="0" uspid="26" ordinal="1" offset="1" sl="80" sc="13" el="80" ec="47" bec="0" bev="0" fileid="2" />
                <SequencePoint vc="0" uspid="27" ordinal="2" offset="3" sl="81" sc="13" el="81" ec="97" bec="0" bev="0" fileid="2" />
                <SequencePoint vc="0" uspid="28" ordinal="3" offset="15" sl="82" sc="13" el="82" ec="35" bec="0" bev="0" fileid="2" />
                <SequencePoint vc="0" uspid="29" ordinal="4" offset="22" sl="83" sc="9" el="83" ec="10" bec="0" bev="0" fileid="2" />
              </SequencePoints>
              <BranchPoints />
              <MethodPoint xsi:type="SequencePoint" vc="0" uspid="25" ordinal="0" offset="0" sl="79" sc="9" el="79" ec="10" bec="0" bev="0" fileid="2" />
            </Method>
            <Method visited="false" cyclomaticComplexity="2" nPathComplexity="2" sequenceCoverage="0" branchCoverage="0" crapScore="6" isConstructor="false" isStatic="false" isGetter="false" isSetter="false">
              <Summary numSequencePoints="11" visitedSequencePoints="0" numBranchPoints="3" visitedBranchPoints="0" sequenceCoverage="0" branchCoverage="0" maxCyclomaticComplexity="2" minCyclomaticComplexity="2" maxCrapScore="6" minCrapScore="6" visitedClasses="0" numClasses="0" visitedMethods="0" numMethods="1" />
              <MetadataToken>100663303</MetadataToken>
              <Name>System.Void Lunggo.ApCommonTests.Activity.Service.ActivityServiceTests::ConvertToActivityDetailForDisplay_ListofValidInput_returnListofConvertedAct()</Name>
              <FileRef uid="2" />
              <SequencePoints>
                <SequencePoint vc="0" uspid="30" ordinal="0" offset="0" sl="87" sc="9" el="87" ec="10" bec="0" bev="0" fileid="2" />
                <SequencePoint vc="0" uspid="31" ordinal="1" offset="1" sl="88" sc="13" el="92" ec="15" bec="0" bev="0" fileid="2" />
                <SequencePoint vc="0" uspid="32" ordinal="2" offset="49" sl="94" sc="13" el="94" ec="104" bec="0" bev="0" fileid="2" />
                <SequencePoint vc="0" uspid="33" ordinal="3" offset="61" sl="96" sc="13" el="100" ec="15" bec="0" bev="0" fileid="2" />
                <SequencePoint vc="0" uspid="34" ordinal="4" offset="109" sl="102" sc="18" el="102" ec="27" bec="0" bev="0" fileid="2" />
                <SequencePoint vc="0" uspid="35" ordinal="5" offset="113" sl="103" sc="13" el="103" ec="14" bec="0" bev="0" fileid="2" />
                <SequencePoint vc="0" uspid="36" ordinal="6" offset="114" sl="104" sc="17" el="104" ec="92" bec="0" bev="0" fileid="2" />
                <SequencePoint vc="0" uspid="37" ordinal="7" offset="144" sl="105" sc="13" el="105" ec="14" bec="0" bev="0" fileid="2" />
                <SequencePoint vc="0" uspid="38" ordinal="8" offset="145" sl="102" sc="55" el="102" ec="58" bec="0" bev="0" fileid="2" />
                <SequencePoint vc="0" uspid="39" ordinal="9" offset="149" sl="102" sc="29" el="102" ec="52" bec="2" bev="0" fileid="2" />
                <SequencePoint vc="0" uspid="40" ordinal="10" offset="164" sl="106" sc="9" el="106" ec="10" bec="0" bev="0" fileid="2" />
              </SequencePoints>
              <BranchPoints>
                <BranchPoint vc="0" uspid="41" ordinal="0" offset="162" sl="102" path="0" offsetend="164" fileid="2" />
                <BranchPoint vc="0" uspid="42" ordinal="1" offset="162" sl="102" path="1" offsetend="113" fileid="2" />
              </BranchPoints>
              <MethodPoint xsi:type="SequencePoint" vc="0" uspid="30" ordinal="0" offset="0" sl="87" sc="9" el="87" ec="10" bec="0" bev="0" fileid="2" />
            </Method>
            <Method visited="false" cyclomaticComplexity="1" nPathComplexity="0" sequenceCoverage="0" branchCoverage="0" crapScore="2" isConstructor="false" isStatic="false" isGetter="false" isSetter="false">
              <Summary numSequencePoints="5" visitedSequencePoints="0" numBranchPoints="1" visitedBranchPoints="0" sequenceCoverage="0" branchCoverage="0" maxCyclomaticComplexity="1" minCyclomaticComplexity="1" maxCrapScore="2" minCrapScore="2" visitedClasses="0" numClasses="0" visitedMethods="0" numMethods="1" />
              <MetadataToken>100663304</MetadataToken>
              <Name>System.Void Lunggo.ApCommonTests.Activity.Service.ActivityServiceTests::MapReservationStatus_RsvStatusUndefined_returnUndefined()</Name>
              <FileRef uid="2" />
              <SequencePoints>
                <SequencePoint vc="0" uspid="43" ordinal="0" offset="0" sl="110" sc="9" el="110" ec="10" bec="0" bev="0" fileid="2" />
                <SequencePoint vc="0" uspid="44" ordinal="1" offset="1" sl="111" sc="13" el="119" ec="15" bec="0" bev="0" fileid="2" />
                <SequencePoint vc="0" uspid="45" ordinal="2" offset="44" sl="121" sc="13" el="121" ec="76" bec="0" bev="0" fileid="2" />
                <SequencePoint vc="0" uspid="46" ordinal="3" offset="51" sl="122" sc="13" el="122" ec="71" bec="0" bev="0" fileid="2" />
                <SequencePoint vc="0" uspid="47" ordinal="4" offset="59" sl="123" sc="9" el="123" ec="10" bec="0" bev="0" fileid="2" />
              </SequencePoints>
              <BranchPoints />
              <MethodPoint xsi:type="SequencePoint" vc="0" uspid="43" ordinal="0" offset="0" sl="110" sc="9" el="110" ec="10" bec="0" bev="0" fileid="2" />
            </Method>
            <Method visited="false" cyclomaticComplexity="1" nPathComplexity="0" sequenceCoverage="0" branchCoverage="0" crapScore="2" isConstructor="false" isStatic="false" isGetter="false" isSetter="false">
              <Summary numSequencePoints="5" visitedSequencePoints="0" numBranchPoints="1" visitedBranchPoints="0" sequenceCoverage="0" branchCoverage="0" maxCyclomaticComplexity="1" minCyclomaticComplexity="1" maxCrapScore="2" minCrapScore="2" visitedClasses="0" numClasses="0" visitedMethods="0" numMethods="1" />
              <MetadataToken>100663305</MetadataToken>
              <Name>System.Void Lunggo.ApCommonTests.Activity.Service.ActivityServiceTests::MapReservationStatus_RsvStatusCancelled_returnCancelled()</Name>
              <FileRef uid="2" />
              <SequencePoints>
                <SequencePoint vc="0" uspid="48" ordinal="0" offset="0" sl="127" sc="9" el="127" ec="10" bec="0" bev="0" fileid="2" />
                <SequencePoint vc="0" uspid="49" ordinal="1" offset="1" sl="128" sc="13" el="132" ec="15" bec="0" bev="0" fileid="2" />
                <SequencePoint vc="0" uspid="50" ordinal="2" offset="35" sl="134" sc="13" el="134" ec="76" bec="0" bev="0" fileid="2" />
                <SequencePoint vc="0" uspid="51" ordinal="3" offset="42" sl="136" sc="13" el="136" ec="71" bec="0" bev="0" fileid="2" />
                <SequencePoint vc="0" uspid="52" ordinal="4" offset="50" sl="137" sc="9" el="137" ec="10" bec="0" bev="0" fileid="2" />
              </SequencePoints>
              <BranchPoints />
              <MethodPoint xsi:type="SequencePoint" vc="0" uspid="48" ordinal="0" offset="0" sl="127" sc="9" el="127" ec="10" bec="0" bev="0" fileid="2" />
            </Method>
            <Method visited="false" cyclomaticComplexity="1" nPathComplexity="0" sequenceCoverage="0" branchCoverage="0" crapScore="2" isConstructor="false" isStatic="false" isGetter="false" isSetter="false">
              <Summary numSequencePoints="5" visitedSequencePoints="0" numBranchPoints="1" visitedBranchPoints="0" sequenceCoverage="0" branchCoverage="0" maxCyclomaticComplexity="1" minCyclomaticComplexity="1" maxCrapScore="2" minCrapScore="2" visitedClasses="0" numClasses="0" visitedMethods="0" numMethods="1" />
              <MetadataToken>100663306</MetadataToken>
              <Name>System.Void Lunggo.ApCommonTests.Activity.Service.ActivityServiceTests::MapReservationStatus_PaymentStatusCancelled_returnCancelled()</Name>
              <FileRef uid="2" />
              <SequencePoints>
                <SequencePoint vc="0" uspid="53" ordinal="0" offset="0" sl="141" sc="9" el="141" ec="10" bec="0" bev="0" fileid="2" />
                <SequencePoint vc="0" uspid="54" ordinal="1" offset="1" sl="142" sc="13" el="145" ec="15" bec="0" bev="0" fileid="2" />
                <SequencePoint vc="0" uspid="55" ordinal="2" offset="27" sl="147" sc="13" el="147" ec="76" bec="0" bev="0" fileid="2" />
                <SequencePoint vc="0" uspid="56" ordinal="3" offset="34" sl="149" sc="13" el="149" ec="71" bec="0" bev="0" fileid="2" />
                <SequencePoint vc="0" uspid="57" ordinal="4" offset="42" sl="150" sc="9" el="150" ec="10" bec="0" bev="0" fileid="2" />
              </SequencePoints>
              <BranchPoints />
              <MethodPoint xsi:type="SequencePoint" vc="0" uspid="53" ordinal="0" offset="0" sl="141" sc="9" el="141" ec="10" bec="0" bev="0" fileid="2" />
            </Method>
            <Method visited="false" cyclomaticComplexity="1" nPathComplexity="0" sequenceCoverage="0" branchCoverage="0" crapScore="2" isConstructor="false" isStatic="false" isGetter="false" isSetter="false">
              <Summary numSequencePoints="5" visitedSequencePoints="0" numBranchPoints="1" visitedBranchPoints="0" sequenceCoverage="0" branchCoverage="0" maxCyclomaticComplexity="1" minCyclomaticComplexity="1" maxCrapScore="2" minCrapScore="2" visitedClasses="0" numClasses="0" visitedMethods="0" numMethods="1" />
              <MetadataToken>100663307</MetadataToken>
              <Name>System.Void Lunggo.ApCommonTests.Activity.Service.ActivityServiceTests::MapReservationStatus_RsvStatusExpired_returnExpired()</Name>
              <FileRef uid="2" />
              <SequencePoints>
                <SequencePoint vc="0" uspid="58" ordinal="0" offset="0" sl="154" sc="9" el="154" ec="10" bec="0" bev="0" fileid="2" />
                <SequencePoint vc="0" uspid="59" ordinal="1" offset="1" sl="155" sc="13" el="159" ec="15" bec="0" bev="0" fileid="2" />
                <SequencePoint vc="0" uspid="60" ordinal="2" offset="35" sl="161" sc="13" el="161" ec="76" bec="0" bev="0" fileid="2" />
                <SequencePoint vc="0" uspid="61" ordinal="3" offset="42" sl="163" sc="13" el="163" ec="69" bec="0" bev="0" fileid="2" />
                <SequencePoint vc="0" uspid="62" ordinal="4" offset="50" sl="164" sc="9" el="164" ec="10" bec="0" bev="0" fileid="2" />
              </SequencePoints>
              <BranchPoints />
              <MethodPoint xsi:type="SequencePoint" vc="0" uspid="58" ordinal="0" offset="0" sl="154" sc="9" el="154" ec="10" bec="0" bev="0" fileid="2" />
            </Method>
            <Method visited="false" cyclomaticComplexity="1" nPathComplexity="0" sequenceCoverage="0" branchCoverage="0" crapScore="2" isConstructor="false" isStatic="false" isGetter="false" isSetter="false">
              <Summary numSequencePoints="5" visitedSequencePoints="0" numBranchPoints="1" visitedBranchPoints="0" sequenceCoverage="0" branchCoverage="0" maxCyclomaticComplexity="1" minCyclomaticComplexity="1" maxCrapScore="2" minCrapScore="2" visitedClasses="0" numClasses="0" visitedMethods="0" numMethods="1" />
              <MetadataToken>100663308</MetadataToken>
              <Name>System.Void Lunggo.ApCommonTests.Activity.Service.ActivityServiceTests::MapReservationStatus_PaymentStatusExpired_returnExpired()</Name>
              <FileRef uid="2" />
              <SequencePoints>
                <SequencePoint vc="0" uspid="63" ordinal="0" offset="0" sl="168" sc="9" el="168" ec="10" bec="0" bev="0" fileid="2" />
                <SequencePoint vc="0" uspid="64" ordinal="1" offset="1" sl="169" sc="13" el="172" ec="15" bec="0" bev="0" fileid="2" />
                <SequencePoint vc="0" uspid="65" ordinal="2" offset="27" sl="174" sc="13" el="174" ec="76" bec="0" bev="0" fileid="2" />
                <SequencePoint vc="0" uspid="66" ordinal="3" offset="34" sl="176" sc="13" el="176" ec="69" bec="0" bev="0" fileid="2" />
                <SequencePoint vc="0" uspid="67" ordinal="4" offset="42" sl="177" sc="9" el="177" ec="10" bec="0" bev="0" fileid="2" />
              </SequencePoints>
              <BranchPoints />
              <MethodPoint xsi:type="SequencePoint" vc="0" uspid="63" ordinal="0" offset="0" sl="168" sc="9" el="168" ec="10" bec="0" bev="0" fileid="2" />
            </Method>
            <Method visited="false" cyclomaticComplexity="1" nPathComplexity="0" sequenceCoverage="0" branchCoverage="0" crapScore="2" isConstructor="false" isStatic="false" isGetter="false" isSetter="false">
              <Summary numSequencePoints="5" visitedSequencePoints="0" numBranchPoints="1" visitedBranchPoints="0" sequenceCoverage="0" branchCoverage="0" maxCyclomaticComplexity="1" minCyclomaticComplexity="1" maxCrapScore="2" minCrapScore="2" visitedClasses="0" numClasses="0" visitedMethods="0" numMethods="1" />
              <MetadataToken>100663309</MetadataToken>
              <Name>System.Void Lunggo.ApCommonTests.Activity.Service.ActivityServiceTests::MapReservationStatus_PaymentStatusDenied_returnPaymentDenied()</Name>
              <FileRef uid="2" />
              <SequencePoints>
                <SequencePoint vc="0" uspid="68" ordinal="0" offset="0" sl="181" sc="9" el="181" ec="10" bec="0" bev="0" fileid="2" />
                <SequencePoint vc="0" uspid="69" ordinal="1" offset="1" sl="182" sc="13" el="185" ec="15" bec="0" bev="0" fileid="2" />
                <SequencePoint vc="0" uspid="70" ordinal="2" offset="27" sl="187" sc="13" el="187" ec="76" bec="0" bev="0" fileid="2" />
                <SequencePoint vc="0" uspid="71" ordinal="3" offset="34" sl="189" sc="13" el="189" ec="75" bec="0" bev="0" fileid="2" />
                <SequencePoint vc="0" uspid="72" ordinal="4" offset="42" sl="190" sc="9" el="190" ec="10" bec="0" bev="0" fileid="2" />
              </SequencePoints>
              <BranchPoints />
              <MethodPoint xsi:type="SequencePoint" vc="0" uspid="68" ordinal="0" offset="0" sl="181" sc="9" el="181" ec="10" bec="0" bev="0" fileid="2" />
            </Method>
            <Method visited="false" cyclomaticComplexity="1" nPathComplexity="0" sequenceCoverage="0" branchCoverage="0" crapScore="2" isConstructor="false" isStatic="false" isGetter="false" isSetter="false">
              <Summary numSequencePoints="5" visitedSequencePoints="0" numBranchPoints="1" visitedBranchPoints="0" sequenceCoverage="0" branchCoverage="0" maxCyclomaticComplexity="1" minCyclomaticComplexity="1" maxCrapScore="2" minCrapScore="2" visitedClasses="0" numClasses="0" visitedMethods="0" numMethods="1" />
              <MetadataToken>100663310</MetadataToken>
              <Name>System.Void Lunggo.ApCommonTests.Activity.Service.ActivityServiceTests::MapReservationStatus_PaymentStatusFailed_returnFailedUnpaid()</Name>
              <FileRef uid="2" />
              <SequencePoints>
                <SequencePoint vc="0" uspid="73" ordinal="0" offset="0" sl="194" sc="9" el="194" ec="10" bec="0" bev="0" fileid="2" />
                <SequencePoint vc="0" uspid="74" ordinal="1" offset="1" sl="195" sc="13" el="198" ec="15" bec="0" bev="0" fileid="2" />
                <SequencePoint vc="0" uspid="75" ordinal="2" offset="27" sl="200" sc="13" el="200" ec="76" bec="0" bev="0" fileid="2" />
                <SequencePoint vc="0" uspid="76" ordinal="3" offset="34" sl="202" sc="13" el="202" ec="74" bec="0" bev="0" fileid="2" />
                <SequencePoint vc="0" uspid="77" ordinal="4" offset="43" sl="203" sc="9" el="203" ec="10" bec="0" bev="0" fileid="2" />
              </SequencePoints>
              <BranchPoints />
              <MethodPoint xsi:type="SequencePoint" vc="0" uspid="73" ordinal="0" offset="0" sl="194" sc="9" el="194" ec="10" bec="0" bev="0" fileid="2" />
            </Method>
            <Method visited="false" cyclomaticComplexity="1" nPathComplexity="0" sequenceCoverage="0" branchCoverage="0" crapScore="2" isConstructor="false" isStatic="false" isGetter="false" isSetter="false">
              <Summary numSequencePoints="5" visitedSequencePoints="0" numBranchPoints="1" visitedBranchPoints="0" sequenceCoverage="0" branchCoverage="0" maxCyclomaticComplexity="1" minCyclomaticComplexity="1" maxCrapScore="2" minCrapScore="2" visitedClasses="0" numClasses="0" visitedMethods="0" numMethods="1" />
              <MetadataToken>100663311</MetadataToken>
              <Name>System.Void Lunggo.ApCommonTests.Activity.Service.ActivityServiceTests::MapReservationStatus_RsvStatusFailedPaymentStatusSettled_returnFailedPaid()</Name>
              <FileRef uid="2" />
              <SequencePoints>
                <SequencePoint vc="0" uspid="78" ordinal="0" offset="0" sl="207" sc="9" el="207" ec="10" bec="0" bev="0" fileid="2" />
                <SequencePoint vc="0" uspid="79" ordinal="1" offset="1" sl="208" sc="13" el="215" ec="15" bec="0" bev="0" fileid="2" />
                <SequencePoint vc="0" uspid="80" ordinal="2" offset="35" sl="217" sc="13" el="217" ec="76" bec="0" bev="0" fileid="2" />
                <SequencePoint vc="0" uspid="81" ordinal="3" offset="42" sl="219" sc="13" el="219" ec="72" bec="0" bev="0" fileid="2" />
                <SequencePoint vc="0" uspid="82" ordinal="4" offset="51" sl="220" sc="9" el="220" ec="10" bec="0" bev="0" fileid="2" />
              </SequencePoints>
              <BranchPoints />
              <MethodPoint xsi:type="SequencePoint" vc="0" uspid="78" ordinal="0" offset="0" sl="207" sc="9" el="207" ec="10" bec="0" bev="0" fileid="2" />
            </Method>
            <Method visited="false" cyclomaticComplexity="1" nPathComplexity="0" sequenceCoverage="0" branchCoverage="0" crapScore="2" isConstructor="false" isStatic="false" isGetter="false" isSetter="false">
              <Summary numSequencePoints="5" visitedSequencePoints="0" numBranchPoints="1" visitedBranchPoints="0" sequenceCoverage="0" branchCoverage="0" maxCyclomaticComplexity="1" minCyclomaticComplexity="1" maxCrapScore="2" minCrapScore="2" visitedClasses="0" numClasses="0" visitedMethods="0" numMethods="1" />
              <MetadataToken>100663312</MetadataToken>
              <Name>System.Void Lunggo.ApCommonTests.Activity.Service.ActivityServiceTests::MapReservationStatus_RsvStatusFailedPaymentStatusNotSettled_returnFailedUnpaid()</Name>
              <FileRef uid="2" />
              <SequencePoints>
                <SequencePoint vc="0" uspid="83" ordinal="0" offset="0" sl="224" sc="9" el="224" ec="10" bec="0" bev="0" fileid="2" />
                <SequencePoint vc="0" uspid="84" ordinal="1" offset="1" sl="225" sc="13" el="231" ec="15" bec="0" bev="0" fileid="2" />
                <SequencePoint vc="0" uspid="85" ordinal="2" offset="35" sl="233" sc="13" el="233" ec="76" bec="0" bev="0" fileid="2" />
                <SequencePoint vc="0" uspid="86" ordinal="3" offset="42" sl="235" sc="13" el="235" ec="74" bec="0" bev="0" fileid="2" />
                <SequencePoint vc="0" uspid="87" ordinal="4" offset="51" sl="236" sc="9" el="236" ec="10" bec="0" bev="0" fileid="2" />
              </SequencePoints>
              <BranchPoints />
              <MethodPoint xsi:type="SequencePoint" vc="0" uspid="83" ordinal="0" offset="0" sl="224" sc="9" el="224" ec="10" bec="0" bev="0" fileid="2" />
            </Method>
            <Method visited="false" cyclomaticComplexity="1" nPathComplexity="0" sequenceCoverage="0" branchCoverage="0" crapScore="2" isConstructor="false" isStatic="false" isGetter="false" isSetter="false">
              <Summary numSequencePoints="5" visitedSequencePoints="0" numBranchPoints="1" visitedBranchPoints="0" sequenceCoverage="0" branchCoverage="0" maxCyclomaticComplexity="1" minCyclomaticComplexity="1" maxCrapScore="2" minCrapScore="2" visitedClasses="0" numClasses="0" visitedMethods="0" numMethods="1" />
              <MetadataToken>100663313</MetadataToken>
              <Name>System.Void Lunggo.ApCommonTests.Activity.Service.ActivityServiceTests::MapReservationStatus_PaymentMethodUndefined_returnReserved()</Name>
              <FileRef uid="2" />
              <SequencePoints>
                <SequencePoint vc="0" uspid="88" ordinal="0" offset="0" sl="240" sc="9" el="240" ec="10" bec="0" bev="0" fileid="2" />
                <SequencePoint vc="0" uspid="89" ordinal="1" offset="1" sl="241" sc="13" el="244" ec="15" bec="0" bev="0" fileid="2" />
                <SequencePoint vc="0" uspid="90" ordinal="2" offset="27" sl="246" sc="13" el="246" ec="76" bec="0" bev="0" fileid="2" />
                <SequencePoint vc="0" uspid="91" ordinal="3" offset="34" sl="248" sc="13" el="248" ec="70" bec="0" bev="0" fileid="2" />
                <SequencePoint vc="0" uspid="92" ordinal="4" offset="42" sl="249" sc="9" el="249" ec="10" bec="0" bev="0" fileid="2" />
              </SequencePoints>
              <BranchPoints />
              <MethodPoint xsi:type="SequencePoint" vc="0" uspid="88" ordinal="0" offset="0" sl="240" sc="9" el="240" ec="10" bec="0" bev="0" fileid="2" />
            </Method>
            <Method visited="false" cyclomaticComplexity="1" nPathComplexity="0" sequenceCoverage="0" branchCoverage="0" crapScore="2" isConstructor="false" isStatic="false" isGetter="false" isSetter="false">
              <Summary numSequencePoints="5" visitedSequencePoints="0" numBranchPoints="1" visitedBranchPoints="0" sequenceCoverage="0" branchCoverage="0" maxCyclomaticComplexity="1" minCyclomaticComplexity="1" maxCrapScore="2" minCrapScore="2" visitedClasses="0" numClasses="0" visitedMethods="0" numMethods="1" />
              <MetadataToken>100663314</MetadataToken>
              <Name>System.Void Lunggo.ApCommonTests.Activity.Service.ActivityServiceTests::MapReservationStatus_PaymentStatusSettledRsvStatusCompleted_returnIssued()</Name>
              <FileRef uid="2" />
              <SequencePoints>
                <SequencePoint vc="0" uspid="93" ordinal="0" offset="0" sl="253" sc="9" el="253" ec="10" bec="0" bev="0" fileid="2" />
                <SequencePoint vc="0" uspid="94" ordinal="1" offset="1" sl="254" sc="13" el="262" ec="15" bec="0" bev="0" fileid="2" />
                <SequencePoint vc="0" uspid="95" ordinal="2" offset="43" sl="264" sc="13" el="264" ec="76" bec="0" bev="0" fileid="2" />
                <SequencePoint vc="0" uspid="96" ordinal="3" offset="50" sl="266" sc="13" el="266" ec="68" bec="0" bev="0" fileid="2" />
                <SequencePoint vc="0" uspid="97" ordinal="4" offset="58" sl="267" sc="9" el="267" ec="10" bec="0" bev="0" fileid="2" />
              </SequencePoints>
              <BranchPoints />
              <MethodPoint xsi:type="SequencePoint" vc="0" uspid="93" ordinal="0" offset="0" sl="253" sc="9" el="253" ec="10" bec="0" bev="0" fileid="2" />
            </Method>
            <Method visited="false" cyclomaticComplexity="1" nPathComplexity="0" sequenceCoverage="0" branchCoverage="0" crapScore="2" isConstructor="false" isStatic="false" isGetter="false" isSetter="false">
              <Summary numSequencePoints="5" visitedSequencePoints="0" numBranchPoints="1" visitedBranchPoints="0" sequenceCoverage="0" branchCoverage="0" maxCyclomaticComplexity="1" minCyclomaticComplexity="1" maxCrapScore="2" minCrapScore="2" visitedClasses="0" numClasses="0" visitedMethods="0" numMethods="1" />
              <MetadataToken>100663315</MetadataToken>
              <Name>System.Void Lunggo.ApCommonTests.Activity.Service.ActivityServiceTests::MapReservationStatus_PaymentStatusSettledRsvStatusNotCompleted_returnPaid()</Name>
              <FileRef uid="2" />
              <SequencePoints>
                <SequencePoint vc="0" uspid="98" ordinal="0" offset="0" sl="271" sc="9" el="271" ec="10" bec="0" bev="0" fileid="2" />
                <SequencePoint vc="0" uspid="99" ordinal="1" offset="1" sl="272" sc="13" el="280" ec="15" bec="0" bev="0" fileid="2" />
                <SequencePoint vc="0" uspid="100" ordinal="2" offset="43" sl="282" sc="13" el="282" ec="76" bec="0" bev="0" fileid="2" />
                <SequencePoint vc="0" uspid="101" ordinal="3" offset="50" sl="284" sc="13" el="284" ec="66" bec="0" bev="0" fileid="2" />
                <SequencePoint vc="0" uspid="102" ordinal="4" offset="58" sl="285" sc="9" el="285" ec="10" bec="0" bev="0" fileid="2" />
              </SequencePoints>
              <BranchPoints />
              <MethodPoint xsi:type="SequencePoint" vc="0" uspid="98" ordinal="0" offset="0" sl="271" sc="9" el="271" ec="10" bec="0" bev="0" fileid="2" />
            </Method>
            <Method visited="false" cyclomaticComplexity="1" nPathComplexity="0" sequenceCoverage="0" branchCoverage="0" crapScore="2" isConstructor="false" isStatic="false" isGetter="false" isSetter="false">
              <Summary numSequencePoints="5" visitedSequencePoints="0" numBranchPoints="1" visitedBranchPoints="0" sequenceCoverage="0" branchCoverage="0" maxCyclomaticComplexity="1" minCyclomaticComplexity="1" maxCrapScore="2" minCrapScore="2" visitedClasses="0" numClasses="0" visitedMethods="0" numMethods="1" />
              <MetadataToken>100663316</MetadataToken>
              <Name>System.Void Lunggo.ApCommonTests.Activity.Service.ActivityServiceTests::MapReservationStatus_PaymentStatusNotSettledPaymentMethodVirtualAccount_returnPendingPayment()</Name>
              <FileRef uid="2" />
              <SequencePoints>
                <SequencePoint vc="0" uspid="103" ordinal="0" offset="0" sl="289" sc="9" el="289" ec="10" bec="0" bev="0" fileid="2" />
                <SequencePoint vc="0" uspid="104" ordinal="1" offset="1" sl="290" sc="13" el="297" ec="15" bec="0" bev="0" fileid="2" />
                <SequencePoint vc="0" uspid="105" ordinal="2" offset="35" sl="299" sc="13" el="299" ec="76" bec="0" bev="0" fileid="2" />
                <SequencePoint vc="0" uspid="106" ordinal="3" offset="42" sl="301" sc="13" el="301" ec="76" bec="0" bev="0" fileid="2" />
                <SequencePoint vc="0" uspid="107" ordinal="4" offset="50" sl="302" sc="9" el="302" ec="10" bec="0" bev="0" fileid="2" />
              </SequencePoints>
              <BranchPoints />
              <MethodPoint xsi:type="SequencePoint" vc="0" uspid="103" ordinal="0" offset="0" sl="289" sc="9" el="289" ec="10" bec="0" bev="0" fileid="2" />
            </Method>
            <Method visited="false" cyclomaticComplexity="1" nPathComplexity="0" sequenceCoverage="0" branchCoverage="0" crapScore="2" isConstructor="false" isStatic="false" isGetter="false" isSetter="false">
              <Summary numSequencePoints="5" visitedSequencePoints="0" numBranchPoints="1" visitedBranchPoints="0" sequenceCoverage="0" branchCoverage="0" maxCyclomaticComplexity="1" minCyclomaticComplexity="1" maxCrapScore="2" minCrapScore="2" visitedClasses="0" numClasses="0" visitedMethods="0" numMethods="1" />
              <MetadataToken>100663317</MetadataToken>
              <Name>System.Void Lunggo.ApCommonTests.Activity.Service.ActivityServiceTests::MapReservationStatus_PaymentStatusNotSettledPaymentMethodBankTransfer_returnPendingPayment()</Name>
              <FileRef uid="2" />
              <SequencePoints>
                <SequencePoint vc="0" uspid="108" ordinal="0" offset="0" sl="306" sc="9" el="306" ec="10" bec="0" bev="0" fileid="2" />
                <SequencePoint vc="0" uspid="109" ordinal="1" offset="1" sl="307" sc="13" el="314" ec="15" bec="0" bev="0" fileid="2" />
                <SequencePoint vc="0" uspid="110" ordinal="2" offset="35" sl="316" sc="13" el="316" ec="76" bec="0" bev="0" fileid="2" />
                <SequencePoint vc="0" uspid="111" ordinal="3" offset="42" sl="318" sc="13" el="318" ec="76" bec="0" bev="0" fileid="2" />
                <SequencePoint vc="0" uspid="112" ordinal="4" offset="50" sl="319" sc="9" el="319" ec="10" bec="0" bev="0" fileid="2" />
              </SequencePoints>
              <BranchPoints />
              <MethodPoint xsi:type="SequencePoint" vc="0" uspid="108" ordinal="0" offset="0" sl="306" sc="9" el="306" ec="10" bec="0" bev="0" fileid="2" />
            </Method>
            <Method visited="false" cyclomaticComplexity="1" nPathComplexity="0" sequenceCoverage="0" branchCoverage="0" crapScore="2" isConstructor="true" isStatic="false" isGetter="false" isSetter="false">
              <Summary numSequencePoints="0" visitedSequencePoints="0" numBranchPoints="0" visitedBranchPoints="0" sequenceCoverage="0" branchCoverage="0" maxCyclomaticComplexity="1" minCyclomaticComplexity="1" maxCrapScore="2" minCrapScore="2" visitedClasses="0" numClasses="0" visitedMethods="0" numMethods="0" />
              <MetadataToken>100663318</MetadataToken>
              <Name>System.Void Lunggo.ApCommonTests.Activity.Service.ActivityServiceTests::.ctor()</Name>
              <SequencePoints />
              <BranchPoints />
              <MethodPoint vc="0" uspid="113" ordinal="0" offset="0" />
            </Method>
          </Methods>
        </Class>
        <Class>
          <Summary numSequencePoints="3" visitedSequencePoints="0" numBranchPoints="1" visitedBranchPoints="0" sequenceCoverage="0" branchCoverage="0" maxCyclomaticComplexity="1" minCyclomaticComplexity="1" maxCrapScore="2" minCrapScore="2" visitedClasses="0" numClasses="1" visitedMethods="0" numMethods="1" />
          <FullName>Lunggo.ApCommonTests.Activity.Service.Tests.ActivityServiceTests</FullName>
          <Methods>
            <Method visited="false" cyclomaticComplexity="1" nPathComplexity="0" sequenceCoverage="0" branchCoverage="0" crapScore="2" isConstructor="false" isStatic="false" isGetter="false" isSetter="false">
              <Summary numSequencePoints="3" visitedSequencePoints="0" numBranchPoints="1" visitedBranchPoints="0" sequenceCoverage="0" branchCoverage="0" maxCyclomaticComplexity="1" minCyclomaticComplexity="1" maxCrapScore="2" minCrapScore="2" visitedClasses="0" numClasses="0" visitedMethods="0" numMethods="1" />
              <MetadataToken>100663319</MetadataToken>
              <Name>System.Void Lunggo.ApCommonTests.Activity.Service.Tests.ActivityServiceTests::Init_False_Test()</Name>
              <FileRef uid="3" />
              <SequencePoints>
                <SequencePoint vc="0" uspid="114" ordinal="0" offset="0" sl="12" sc="9" el="12" ec="10" bec="0" bev="0" fileid="3" />
                <SequencePoint vc="0" uspid="115" ordinal="1" offset="1" sl="13" sc="13" el="13" ec="52" bec="0" bev="0" fileid="3" />
                <SequencePoint vc="0" uspid="116" ordinal="2" offset="17" sl="14" sc="9" el="14" ec="10" bec="0" bev="0" fileid="3" />
              </SequencePoints>
              <BranchPoints />
              <MethodPoint xsi:type="SequencePoint" vc="0" uspid="114" ordinal="0" offset="0" sl="12" sc="9" el="12" ec="10" bec="0" bev="0" fileid="3" />
            </Method>
            <Method visited="false" cyclomaticComplexity="1" nPathComplexity="0" sequenceCoverage="0" branchCoverage="0" crapScore="2" isConstructor="true" isStatic="false" isGetter="false" isSetter="false">
              <Summary numSequencePoints="0" visitedSequencePoints="0" numBranchPoints="0" visitedBranchPoints="0" sequenceCoverage="0" branchCoverage="0" maxCyclomaticComplexity="1" minCyclomaticComplexity="1" maxCrapScore="2" minCrapScore="2" visitedClasses="0" numClasses="0" visitedMethods="0" numMethods="0" />
              <MetadataToken>100663320</MetadataToken>
              <Name>System.Void Lunggo.ApCommonTests.Activity.Service.Tests.ActivityServiceTests::.ctor()</Name>
              <SequencePoints />
              <BranchPoints />
              <MethodPoint vc="0" uspid="117" ordinal="0" offset="0" />
            </Method>
          </Methods>
        </Class>
        <Class>
          <Summary numSequencePoints="95" visitedSequencePoints="0" numBranchPoints="15" visitedBranchPoints="0" sequenceCoverage="0" branchCoverage="0" maxCyclomaticComplexity="1" minCyclomaticComplexity="1" maxCrapScore="2" minCrapScore="2" visitedClasses="0" numClasses="1" visitedMethods="0" numMethods="15" />
          <FullName>Lunggo.ApCommonTests.Activity.ApiSrc.SearchLogic.Tests.SearchActivityLogicTest</FullName>
          <Methods>
            <Method visited="false" cyclomaticComplexity="1" nPathComplexity="0" sequenceCoverage="0" branchCoverage="0" crapScore="2" isConstructor="false" isStatic="false" isGetter="false" isSetter="false">
              <Summary numSequencePoints="6" visitedSequencePoints="0" numBranchPoints="1" visitedBranchPoints="0" sequenceCoverage="0" branchCoverage="0" maxCyclomaticComplexity="1" minCyclomaticComplexity="1" maxCrapScore="2" minCrapScore="2" visitedClasses="0" numClasses="0" visitedMethods="0" numMethods="1" />
              <MetadataToken>100663321</MetadataToken>
              <Name>System.Void Lunggo.ApCommonTests.Activity.ApiSrc.SearchLogic.Tests.SearchActivityLogicTest::Search_Null_ReturnBadRequest()</Name>
              <FileRef uid="4" />
              <SequencePoints>
                <SequencePoint vc="0" uspid="118" ordinal="0" offset="0" sl="17" sc="9" el="17" ec="10" bec="0" bev="0" fileid="4" />
                <SequencePoint vc="0" uspid="119" ordinal="1" offset="1" sl="18" sc="13" el="22" ec="15" bec="0" bev="0" fileid="4" />
                <SequencePoint vc="0" uspid="120" ordinal="2" offset="31" sl="23" sc="13" el="23" ec="59" bec="0" bev="0" fileid="4" />
                <SequencePoint vc="0" uspid="121" ordinal="3" offset="38" sl="24" sc="13" el="24" ec="81" bec="0" bev="0" fileid="4" />
                <SequencePoint vc="0" uspid="122" ordinal="4" offset="56" sl="25" sc="13" el="25" ec="81" bec="0" bev="0" fileid="4" />
                <SequencePoint vc="0" uspid="123" ordinal="5" offset="74" sl="26" sc="9" el="26" ec="10" bec="0" bev="0" fileid="4" />
              </SequencePoints>
              <BranchPoints />
              <MethodPoint xsi:type="SequencePoint" vc="0" uspid="118" ordinal="0" offset="0" sl="17" sc="9" el="17" ec="10" bec="0" bev="0" fileid="4" />
            </Method>
            <Method visited="false" cyclomaticComplexity="1" nPathComplexity="0" sequenceCoverage="0" branchCoverage="0" crapScore="2" isConstructor="false" isStatic="false" isGetter="false" isSetter="false">
              <Summary numSequencePoints="6" visitedSequencePoints="0" numBranchPoints="1" visitedBranchPoints="0" sequenceCoverage="0" branchCoverage="0" maxCyclomaticComplexity="1" minCyclomaticComplexity="1" maxCrapScore="2" minCrapScore="2" visitedClasses="0" numClasses="0" visitedMethods="0" numMethods="1" />
              <MetadataToken>100663322</MetadataToken>
              <Name>System.Void Lunggo.ApCommonTests.Activity.ApiSrc.SearchLogic.Tests.SearchActivityLogicTest::Search_ValidInput_ReturnSomething()</Name>
              <FileRef uid="4" />
              <SequencePoints>
                <SequencePoint vc="0" uspid="124" ordinal="0" offset="0" sl="30" sc="9" el="30" ec="10" bec="0" bev="0" fileid="4" />
                <SequencePoint vc="0" uspid="125" ordinal="1" offset="1" sl="31" sc="13" el="31" ec="32" bec="0" bev="0" fileid="4" />
                <SequencePoint vc="0" uspid="126" ordinal="2" offset="7" sl="33" sc="13" el="40" ec="15" bec="0" bev="0" fileid="4" />
                <SequencePoint vc="0" uspid="127" ordinal="3" offset="73" sl="41" sc="13" el="41" ec="60" bec="0" bev="0" fileid="4" />
                <SequencePoint vc="0" uspid="128" ordinal="4" offset="80" sl="43" sc="13" el="43" ec="44" bec="0" bev="0" fileid="4" />
                <SequencePoint vc="0" uspid="129" ordinal="5" offset="87" sl="44" sc="9" el="44" ec="10" bec="0" bev="0" fileid="4" />
              </SequencePoints>
              <BranchPoints />
              <MethodPoint xsi:type="SequencePoint" vc="0" uspid="124" ordinal="0" offset="0" sl="30" sc="9" el="30" ec="10" bec="0" bev="0" fileid="4" />
            </Method>
            <Method visited="false" cyclomaticComplexity="1" nPathComplexity="0" sequenceCoverage="0" branchCoverage="0" crapScore="2" isConstructor="false" isStatic="false" isGetter="false" isSetter="false">
              <Summary numSequencePoints="13" visitedSequencePoints="0" numBranchPoints="1" visitedBranchPoints="0" sequenceCoverage="0" branchCoverage="0" maxCyclomaticComplexity="1" minCyclomaticComplexity="1" maxCrapScore="2" minCrapScore="2" visitedClasses="0" numClasses="0" visitedMethods="0" numMethods="1" />
              <MetadataToken>100663323</MetadataToken>
              <Name>System.Void Lunggo.ApCommonTests.Activity.ApiSrc.SearchLogic.Tests.SearchActivityLogicTest::AssembleApiResponse_SearchActivityOutput_ReturnActivitySearchApiResponse()</Name>
              <FileRef uid="4" />
              <SequencePoints>
                <SequencePoint vc="0" uspid="130" ordinal="0" offset="0" sl="48" sc="9" el="48" ec="10" bec="0" bev="0" fileid="4" />
                <SequencePoint vc="0" uspid="131" ordinal="1" offset="1" sl="49" sc="13" el="50" ec="82" bec="0" bev="0" fileid="4" />
                <SequencePoint vc="0" uspid="132" ordinal="2" offset="60" sl="51" sc="13" el="56" ec="15" bec="0" bev="0" fileid="4" />
                <SequencePoint vc="0" uspid="133" ordinal="3" offset="103" sl="58" sc="13" el="58" ec="72" bec="0" bev="0" fileid="4" />
                <SequencePoint vc="0" uspid="134" ordinal="4" offset="110" sl="60" sc="13" el="61" ec="82" bec="0" bev="0" fileid="4" />
                <SequencePoint vc="0" uspid="135" ordinal="5" offset="169" sl="62" sc="13" el="67" ec="15" bec="0" bev="0" fileid="4" />
                <SequencePoint vc="0" uspid="136" ordinal="6" offset="223" sl="69" sc="13" el="69" ec="69" bec="0" bev="0" fileid="4" />
                <SequencePoint vc="0" uspid="137" ordinal="7" offset="242" sl="70" sc="13" el="70" ec="75" bec="0" bev="0" fileid="4" />
                <SequencePoint vc="0" uspid="138" ordinal="8" offset="261" sl="71" sc="13" el="71" ec="101" bec="0" bev="0" fileid="4" />
                <SequencePoint vc="0" uspid="139" ordinal="9" offset="302" sl="72" sc="13" el="72" ec="103" bec="0" bev="0" fileid="4" />
                <SequencePoint vc="0" uspid="140" ordinal="10" offset="343" sl="73" sc="13" el="73" ec="101" bec="0" bev="0" fileid="4" />
                <SequencePoint vc="0" uspid="141" ordinal="11" offset="384" sl="74" sc="13" el="74" ec="107" bec="0" bev="0" fileid="4" />
                <SequencePoint vc="0" uspid="142" ordinal="12" offset="425" sl="75" sc="9" el="75" ec="10" bec="0" bev="0" fileid="4" />
              </SequencePoints>
              <BranchPoints />
              <MethodPoint xsi:type="SequencePoint" vc="0" uspid="130" ordinal="0" offset="0" sl="48" sc="9" el="48" ec="10" bec="0" bev="0" fileid="4" />
            </Method>
            <Method visited="false" cyclomaticComplexity="1" nPathComplexity="0" sequenceCoverage="0" branchCoverage="0" crapScore="2" isConstructor="false" isStatic="false" isGetter="false" isSetter="false">
              <Summary numSequencePoints="5" visitedSequencePoints="0" numBranchPoints="1" visitedBranchPoints="0" sequenceCoverage="0" branchCoverage="0" maxCyclomaticComplexity="1" minCyclomaticComplexity="1" maxCrapScore="2" minCrapScore="2" visitedClasses="0" numClasses="0" visitedMethods="0" numMethods="1" />
              <MetadataToken>100663324</MetadataToken>
              <Name>System.Void Lunggo.ApCommonTests.Activity.ApiSrc.SearchLogic.Tests.SearchActivityLogicTest::TryPreprocess_Null_ReturnFalse()</Name>
              <FileRef uid="5" />
              <SequencePoints>
                <SequencePoint vc="0" uspid="143" ordinal="0" offset="0" sl="15" sc="9" el="15" ec="10" bec="0" bev="0" fileid="5" />
                <SequencePoint vc="0" uspid="144" ordinal="1" offset="1" sl="16" sc="13" el="16" ec="50" bec="0" bev="0" fileid="5" />
                <SequencePoint vc="0" uspid="145" ordinal="2" offset="3" sl="17" sc="13" el="17" ec="84" bec="0" bev="0" fileid="5" />
                <SequencePoint vc="0" uspid="146" ordinal="3" offset="12" sl="18" sc="13" el="18" ec="36" bec="0" bev="0" fileid="5" />
                <SequencePoint vc="0" uspid="147" ordinal="4" offset="19" sl="19" sc="9" el="19" ec="10" bec="0" bev="0" fileid="5" />
              </SequencePoints>
              <BranchPoints />
              <MethodPoint xsi:type="SequencePoint" vc="0" uspid="143" ordinal="0" offset="0" sl="15" sc="9" el="15" ec="10" bec="0" bev="0" fileid="5" />
            </Method>
            <Method visited="false" cyclomaticComplexity="1" nPathComplexity="0" sequenceCoverage="0" branchCoverage="0" crapScore="2" isConstructor="false" isStatic="false" isGetter="false" isSetter="false">
              <Summary numSequencePoints="5" visitedSequencePoints="0" numBranchPoints="1" visitedBranchPoints="0" sequenceCoverage="0" branchCoverage="0" maxCyclomaticComplexity="1" minCyclomaticComplexity="1" maxCrapScore="2" minCrapScore="2" visitedClasses="0" numClasses="0" visitedMethods="0" numMethods="1" />
              <MetadataToken>100663325</MetadataToken>
              <Name>System.Void Lunggo.ApCommonTests.Activity.ApiSrc.SearchLogic.Tests.SearchActivityLogicTest::TryPreprocess_PageIsntNumeric_ReturnFalse()</Name>
              <FileRef uid="5" />
              <SequencePoints>
                <SequencePoint vc="0" uspid="148" ordinal="0" offset="0" sl="23" sc="9" el="23" ec="10" bec="0" bev="0" fileid="5" />
                <SequencePoint vc="0" uspid="149" ordinal="1" offset="1" sl="24" sc="13" el="31" ec="15" bec="0" bev="0" fileid="5" />
                <SequencePoint vc="0" uspid="150" ordinal="2" offset="67" sl="33" sc="13" el="33" ec="84" bec="0" bev="0" fileid="5" />
                <SequencePoint vc="0" uspid="151" ordinal="3" offset="76" sl="34" sc="13" el="34" ec="36" bec="0" bev="0" fileid="5" />
                <SequencePoint vc="0" uspid="152" ordinal="4" offset="83" sl="35" sc="9" el="35" ec="10" bec="0" bev="0" fileid="5" />
              </SequencePoints>
              <BranchPoints />
              <MethodPoint xsi:type="SequencePoint" vc="0" uspid="148" ordinal="0" offset="0" sl="23" sc="9" el="23" ec="10" bec="0" bev="0" fileid="5" />
            </Method>
            <Method visited="false" cyclomaticComplexity="1" nPathComplexity="0" sequenceCoverage="0" branchCoverage="0" crapScore="2" isConstructor="false" isStatic="false" isGetter="false" isSetter="false">
              <Summary numSequencePoints="5" visitedSequencePoints="0" numBranchPoints="1" visitedBranchPoints="0" sequenceCoverage="0" branchCoverage="0" maxCyclomaticComplexity="1" minCyclomaticComplexity="1" maxCrapScore="2" minCrapScore="2" visitedClasses="0" numClasses="0" visitedMethods="0" numMethods="1" />
              <MetadataToken>100663326</MetadataToken>
              <Name>System.Void Lunggo.ApCommonTests.Activity.ApiSrc.SearchLogic.Tests.SearchActivityLogicTest::TryPreprocess_PageLessThanZero_ReturnFalse()</Name>
              <FileRef uid="5" />
              <SequencePoints>
                <SequencePoint vc="0" uspid="153" ordinal="0" offset="0" sl="39" sc="9" el="39" ec="10" bec="0" bev="0" fileid="5" />
                <SequencePoint vc="0" uspid="154" ordinal="1" offset="1" sl="40" sc="13" el="47" ec="15" bec="0" bev="0" fileid="5" />
                <SequencePoint vc="0" uspid="155" ordinal="2" offset="67" sl="49" sc="13" el="49" ec="84" bec="0" bev="0" fileid="5" />
                <SequencePoint vc="0" uspid="156" ordinal="3" offset="76" sl="50" sc="13" el="50" ec="36" bec="0" bev="0" fileid="5" />
                <SequencePoint vc="0" uspid="157" ordinal="4" offset="83" sl="51" sc="9" el="51" ec="10" bec="0" bev="0" fileid="5" />
              </SequencePoints>
              <BranchPoints />
              <MethodPoint xsi:type="SequencePoint" vc="0" uspid="153" ordinal="0" offset="0" sl="39" sc="9" el="39" ec="10" bec="0" bev="0" fileid="5" />
            </Method>
            <Method visited="false" cyclomaticComplexity="1" nPathComplexity="0" sequenceCoverage="0" branchCoverage="0" crapScore="2" isConstructor="false" isStatic="false" isGetter="false" isSetter="false">
              <Summary numSequencePoints="5" visitedSequencePoints="0" numBranchPoints="1" visitedBranchPoints="0" sequenceCoverage="0" branchCoverage="0" maxCyclomaticComplexity="1" minCyclomaticComplexity="1" maxCrapScore="2" minCrapScore="2" visitedClasses="0" numClasses="0" visitedMethods="0" numMethods="1" />
              <MetadataToken>100663327</MetadataToken>
              <Name>System.Void Lunggo.ApCommonTests.Activity.ApiSrc.SearchLogic.Tests.SearchActivityLogicTest::TryPreprocess_PerPageIsntNumeric_ReturnFalse()</Name>
              <FileRef uid="5" />
              <SequencePoints>
                <SequencePoint vc="0" uspid="158" ordinal="0" offset="0" sl="55" sc="9" el="55" ec="10" bec="0" bev="0" fileid="5" />
                <SequencePoint vc="0" uspid="159" ordinal="1" offset="1" sl="56" sc="13" el="63" ec="15" bec="0" bev="0" fileid="5" />
                <SequencePoint vc="0" uspid="160" ordinal="2" offset="67" sl="65" sc="13" el="65" ec="84" bec="0" bev="0" fileid="5" />
                <SequencePoint vc="0" uspid="161" ordinal="3" offset="76" sl="66" sc="13" el="66" ec="36" bec="0" bev="0" fileid="5" />
                <SequencePoint vc="0" uspid="162" ordinal="4" offset="83" sl="67" sc="9" el="67" ec="10" bec="0" bev="0" fileid="5" />
              </SequencePoints>
              <BranchPoints />
              <MethodPoint xsi:type="SequencePoint" vc="0" uspid="158" ordinal="0" offset="0" sl="55" sc="9" el="55" ec="10" bec="0" bev="0" fileid="5" />
            </Method>
            <Method visited="false" cyclomaticComplexity="1" nPathComplexity="0" sequenceCoverage="0" branchCoverage="0" crapScore="2" isConstructor="false" isStatic="false" isGetter="false" isSetter="false">
              <Summary numSequencePoints="5" visitedSequencePoints="0" numBranchPoints="1" visitedBranchPoints="0" sequenceCoverage="0" branchCoverage="0" maxCyclomaticComplexity="1" minCyclomaticComplexity="1" maxCrapScore="2" minCrapScore="2" visitedClasses="0" numClasses="0" visitedMethods="0" numMethods="1" />
              <MetadataToken>100663328</MetadataToken>
              <Name>System.Void Lunggo.ApCommonTests.Activity.ApiSrc.SearchLogic.Tests.SearchActivityLogicTest::TryPreprocess_PerPageLessThanZero_ReturnFalse()</Name>
              <FileRef uid="5" />
              <SequencePoints>
                <SequencePoint vc="0" uspid="163" ordinal="0" offset="0" sl="71" sc="9" el="71" ec="10" bec="0" bev="0" fileid="5" />
                <SequencePoint vc="0" uspid="164" ordinal="1" offset="1" sl="72" sc="13" el="79" ec="15" bec="0" bev="0" fileid="5" />
                <SequencePoint vc="0" uspid="165" ordinal="2" offset="67" sl="81" sc="13" el="81" ec="84" bec="0" bev="0" fileid="5" />
                <SequencePoint vc="0" uspid="166" ordinal="3" offset="76" sl="82" sc="13" el="82" ec="36" bec="0" bev="0" fileid="5" />
                <SequencePoint vc="0" uspid="167" ordinal="4" offset="83" sl="83" sc="9" el="83" ec="10" bec="0" bev="0" fileid="5" />
              </SequencePoints>
              <BranchPoints />
              <MethodPoint xsi:type="SequencePoint" vc="0" uspid="163" ordinal="0" offset="0" sl="71" sc="9" el="71" ec="10" bec="0" bev="0" fileid="5" />
            </Method>
            <Method visited="false" cyclomaticComplexity="1" nPathComplexity="0" sequenceCoverage="0" branchCoverage="0" crapScore="2" isConstructor="false" isStatic="false" isGetter="false" isSetter="false">
              <Summary numSequencePoints="5" visitedSequencePoints="0" numBranchPoints="1" visitedBranchPoints="0" sequenceCoverage="0" branchCoverage="0" maxCyclomaticComplexity="1" minCyclomaticComplexity="1" maxCrapScore="2" minCrapScore="2" visitedClasses="0" numClasses="0" visitedMethods="0" numMethods="1" />
              <MetadataToken>100663329</MetadataToken>
              <Name>System.Void Lunggo.ApCommonTests.Activity.ApiSrc.SearchLogic.Tests.SearchActivityLogicTest::TryPreprocess_StartDateNullorEmpty_ReturnFalse()</Name>
              <FileRef uid="5" />
              <SequencePoints>
                <SequencePoint vc="0" uspid="168" ordinal="0" offset="0" sl="87" sc="9" el="87" ec="10" bec="0" bev="0" fileid="5" />
                <SequencePoint vc="0" uspid="169" ordinal="1" offset="1" sl="88" sc="13" el="95" ec="15" bec="0" bev="0" fileid="5" />
                <SequencePoint vc="0" uspid="170" ordinal="2" offset="63" sl="97" sc="13" el="97" ec="84" bec="0" bev="0" fileid="5" />
                <SequencePoint vc="0" uspid="171" ordinal="3" offset="72" sl="98" sc="13" el="98" ec="35" bec="0" bev="0" fileid="5" />
                <SequencePoint vc="0" uspid="172" ordinal="4" offset="79" sl="99" sc="9" el="99" ec="10" bec="0" bev="0" fileid="5" />
              </SequencePoints>
              <BranchPoints />
              <MethodPoint xsi:type="SequencePoint" vc="0" uspid="168" ordinal="0" offset="0" sl="87" sc="9" el="87" ec="10" bec="0" bev="0" fileid="5" />
            </Method>
            <Method visited="false" cyclomaticComplexity="1" nPathComplexity="0" sequenceCoverage="0" branchCoverage="0" crapScore="2" isConstructor="false" isStatic="false" isGetter="false" isSetter="false">
              <Summary numSequencePoints="7" visitedSequencePoints="0" numBranchPoints="1" visitedBranchPoints="0" sequenceCoverage="0" branchCoverage="0" maxCyclomaticComplexity="1" minCyclomaticComplexity="1" maxCrapScore="2" minCrapScore="2" visitedClasses="0" numClasses="0" visitedMethods="0" numMethods="1" />
              <MetadataToken>100663330</MetadataToken>
              <Name>System.Void Lunggo.ApCommonTests.Activity.ApiSrc.SearchLogic.Tests.SearchActivityLogicTest::TryPreprocess_StartDateValid_ReturnFalse()</Name>
              <FileRef uid="5" />
              <SequencePoints>
                <SequencePoint vc="0" uspid="173" ordinal="0" offset="0" sl="103" sc="9" el="103" ec="10" bec="0" bev="0" fileid="5" />
                <SequencePoint vc="0" uspid="174" ordinal="1" offset="1" sl="104" sc="13" el="111" ec="15" bec="0" bev="0" fileid="5" />
                <SequencePoint vc="0" uspid="175" ordinal="2" offset="67" sl="112" sc="13" el="115" ec="15" bec="0" bev="0" fileid="5" />
                <SequencePoint vc="0" uspid="176" ordinal="3" offset="102" sl="116" sc="13" el="116" ec="82" bec="0" bev="0" fileid="5" />
                <SequencePoint vc="0" uspid="177" ordinal="4" offset="111" sl="117" sc="13" el="117" ec="35" bec="0" bev="0" fileid="5" />
                <SequencePoint vc="0" uspid="178" ordinal="5" offset="118" sl="118" sc="13" el="118" ec="109" bec="0" bev="0" fileid="5" />
                <SequencePoint vc="0" uspid="179" ordinal="6" offset="146" sl="119" sc="9" el="119" ec="10" bec="0" bev="0" fileid="5" />
              </SequencePoints>
              <BranchPoints />
              <MethodPoint xsi:type="SequencePoint" vc="0" uspid="173" ordinal="0" offset="0" sl="103" sc="9" el="103" ec="10" bec="0" bev="0" fileid="5" />
            </Method>
            <Method visited="false" cyclomaticComplexity="1" nPathComplexity="0" sequenceCoverage="0" branchCoverage="0" crapScore="2" isConstructor="false" isStatic="false" isGetter="false" isSetter="false">
              <Summary numSequencePoints="5" visitedSequencePoints="0" numBranchPoints="1" visitedBranchPoints="0" sequenceCoverage="0" branchCoverage="0" maxCyclomaticComplexity="1" minCyclomaticComplexity="1" maxCrapScore="2" minCrapScore="2" visitedClasses="0" numClasses="0" visitedMethods="0" numMethods="1" />
              <MetadataToken>100663331</MetadataToken>
              <Name>System.Void Lunggo.ApCommonTests.Activity.ApiSrc.SearchLogic.Tests.SearchActivityLogicTest::TryPreprocess_StartDateInvalid_ReturnFalse()</Name>
              <FileRef uid="5" />
              <SequencePoints>
                <SequencePoint vc="0" uspid="180" ordinal="0" offset="0" sl="123" sc="9" el="123" ec="10" bec="0" bev="0" fileid="5" />
                <SequencePoint vc="0" uspid="181" ordinal="1" offset="1" sl="124" sc="13" el="131" ec="15" bec="0" bev="0" fileid="5" />
                <SequencePoint vc="0" uspid="182" ordinal="2" offset="67" sl="133" sc="13" el="133" ec="82" bec="0" bev="0" fileid="5" />
                <SequencePoint vc="0" uspid="183" ordinal="3" offset="76" sl="134" sc="13" el="134" ec="36" bec="0" bev="0" fileid="5" />
                <SequencePoint vc="0" uspid="184" ordinal="4" offset="83" sl="135" sc="9" el="135" ec="10" bec="0" bev="0" fileid="5" />
              </SequencePoints>
              <BranchPoints />
              <MethodPoint xsi:type="SequencePoint" vc="0" uspid="180" ordinal="0" offset="0" sl="123" sc="9" el="123" ec="10" bec="0" bev="0" fileid="5" />
            </Method>
            <Method visited="false" cyclomaticComplexity="1" nPathComplexity="0" sequenceCoverage="0" branchCoverage="0" crapScore="2" isConstructor="false" isStatic="false" isGetter="false" isSetter="false">
              <Summary numSequencePoints="5" visitedSequencePoints="0" numBranchPoints="1" visitedBranchPoints="0" sequenceCoverage="0" branchCoverage="0" maxCyclomaticComplexity="1" minCyclomaticComplexity="1" maxCrapScore="2" minCrapScore="2" visitedClasses="0" numClasses="0" visitedMethods="0" numMethods="1" />
              <MetadataToken>100663332</MetadataToken>
              <Name>System.Void Lunggo.ApCommonTests.Activity.ApiSrc.SearchLogic.Tests.SearchActivityLogicTest::TryPreprocess_EndDateNullorEmpty_ReturnFalse()</Name>
              <FileRef uid="5" />
              <SequencePoints>
                <SequencePoint vc="0" uspid="185" ordinal="0" offset="0" sl="139" sc="9" el="139" ec="10" bec="0" bev="0" fileid="5" />
                <SequencePoint vc="0" uspid="186" ordinal="1" offset="1" sl="140" sc="13" el="147" ec="15" bec="0" bev="0" fileid="5" />
                <SequencePoint vc="0" uspid="187" ordinal="2" offset="63" sl="149" sc="13" el="149" ec="84" bec="0" bev="0" fileid="5" />
                <SequencePoint vc="0" uspid="188" ordinal="3" offset="72" sl="150" sc="13" el="150" ec="35" bec="0" bev="0" fileid="5" />
                <SequencePoint vc="0" uspid="189" ordinal="4" offset="79" sl="151" sc="9" el="151" ec="10" bec="0" bev="0" fileid="5" />
              </SequencePoints>
              <BranchPoints />
              <MethodPoint xsi:type="SequencePoint" vc="0" uspid="185" ordinal="0" offset="0" sl="139" sc="9" el="139" ec="10" bec="0" bev="0" fileid="5" />
            </Method>
            <Method visited="false" cyclomaticComplexity="1" nPathComplexity="0" sequenceCoverage="0" branchCoverage="0" crapScore="2" isConstructor="false" isStatic="false" isGetter="false" isSetter="false">
              <Summary numSequencePoints="7" visitedSequencePoints="0" numBranchPoints="1" visitedBranchPoints="0" sequenceCoverage="0" branchCoverage="0" maxCyclomaticComplexity="1" minCyclomaticComplexity="1" maxCrapScore="2" minCrapScore="2" visitedClasses="0" numClasses="0" visitedMethods="0" numMethods="1" />
              <MetadataToken>100663333</MetadataToken>
              <Name>System.Void Lunggo.ApCommonTests.Activity.ApiSrc.SearchLogic.Tests.SearchActivityLogicTest::TryPreprocess_EndDateValid_ReturnFalse()</Name>
              <FileRef uid="5" />
              <SequencePoints>
                <SequencePoint vc="0" uspid="190" ordinal="0" offset="0" sl="155" sc="9" el="155" ec="10" bec="0" bev="0" fileid="5" />
                <SequencePoint vc="0" uspid="191" ordinal="1" offset="1" sl="156" sc="13" el="163" ec="15" bec="0" bev="0" fileid="5" />
                <SequencePoint vc="0" uspid="192" ordinal="2" offset="67" sl="164" sc="13" el="167" ec="15" bec="0" bev="0" fileid="5" />
                <SequencePoint vc="0" uspid="193" ordinal="3" offset="102" sl="168" sc="13" el="168" ec="82" bec="0" bev="0" fileid="5" />
                <SequencePoint vc="0" uspid="194" ordinal="4" offset="111" sl="169" sc="13" el="169" ec="35" bec="0" bev="0" fileid="5" />
                <SequencePoint vc="0" uspid="195" ordinal="5" offset="118" sl="170" sc="13" el="170" ec="105" bec="0" bev="0" fileid="5" />
                <SequencePoint vc="0" uspid="196" ordinal="6" offset="146" sl="171" sc="9" el="171" ec="10" bec="0" bev="0" fileid="5" />
              </SequencePoints>
              <BranchPoints />
              <MethodPoint xsi:type="SequencePoint" vc="0" uspid="190" ordinal="0" offset="0" sl="155" sc="9" el="155" ec="10" bec="0" bev="0" fileid="5" />
            </Method>
            <Method visited="false" cyclomaticComplexity="1" nPathComplexity="0" sequenceCoverage="0" branchCoverage="0" crapScore="2" isConstructor="false" isStatic="false" isGetter="false" isSetter="false">
              <Summary numSequencePoints="5" visitedSequencePoints="0" numBranchPoints="1" visitedBranchPoints="0" sequenceCoverage="0" branchCoverage="0" maxCyclomaticComplexity="1" minCyclomaticComplexity="1" maxCrapScore="2" minCrapScore="2" visitedClasses="0" numClasses="0" visitedMethods="0" numMethods="1" />
              <MetadataToken>100663334</MetadataToken>
              <Name>System.Void Lunggo.ApCommonTests.Activity.ApiSrc.SearchLogic.Tests.SearchActivityLogicTest::TryPreprocess_EndDateInvalid_ReturnFalse()</Name>
              <FileRef uid="5" />
              <SequencePoints>
                <SequencePoint vc="0" uspid="197" ordinal="0" offset="0" sl="175" sc="9" el="175" ec="10" bec="0" bev="0" fileid="5" />
                <SequencePoint vc="0" uspid="198" ordinal="1" offset="1" sl="176" sc="13" el="183" ec="15" bec="0" bev="0" fileid="5" />
                <SequencePoint vc="0" uspid="199" ordinal="2" offset="67" sl="185" sc="13" el="185" ec="82" bec="0" bev="0" fileid="5" />
                <SequencePoint vc="0" uspid="200" ordinal="3" offset="76" sl="186" sc="13" el="186" ec="36" bec="0" bev="0" fileid="5" />
                <SequencePoint vc="0" uspid="201" ordinal="4" offset="83" sl="187" sc="9" el="187" ec="10" bec="0" bev="0" fileid="5" />
              </SequencePoints>
              <BranchPoints />
              <MethodPoint xsi:type="SequencePoint" vc="0" uspid="197" ordinal="0" offset="0" sl="175" sc="9" el="175" ec="10" bec="0" bev="0" fileid="5" />
            </Method>
            <Method visited="false" cyclomaticComplexity="1" nPathComplexity="0" sequenceCoverage="0" branchCoverage="0" crapScore="2" isConstructor="false" isStatic="false" isGetter="false" isSetter="false">
              <Summary numSequencePoints="11" visitedSequencePoints="0" numBranchPoints="1" visitedBranchPoints="0" sequenceCoverage="0" branchCoverage="0" maxCyclomaticComplexity="1" minCyclomaticComplexity="1" maxCrapScore="2" minCrapScore="2" visitedClasses="0" numClasses="0" visitedMethods="0" numMethods="1" />
              <MetadataToken>100663335</MetadataToken>
              <Name>System.Void Lunggo.ApCommonTests.Activity.ApiSrc.SearchLogic.Tests.SearchActivityLogicTest::TryPreprocess_DateValid_ReturnFalse()</Name>
              <FileRef uid="5" />
              <SequencePoints>
                <SequencePoint vc="0" uspid="202" ordinal="0" offset="0" sl="191" sc="9" el="191" ec="10" bec="0" bev="0" fileid="5" />
                <SequencePoint vc="0" uspid="203" ordinal="1" offset="1" sl="192" sc="13" el="199" ec="15" bec="0" bev="0" fileid="5" />
                <SequencePoint vc="0" uspid="204" ordinal="2" offset="67" sl="200" sc="13" el="210" ec="15" bec="0" bev="0" fileid="5" />
                <SequencePoint vc="0" uspid="205" ordinal="3" offset="148" sl="211" sc="13" el="211" ec="82" bec="0" bev="0" fileid="5" />
                <SequencePoint vc="0" uspid="206" ordinal="4" offset="157" sl="212" sc="13" el="212" ec="35" bec="0" bev="0" fileid="5" />
                <SequencePoint vc="0" uspid="207" ordinal="5" offset="164" sl="213" sc="13" el="213" ec="99" bec="0" bev="0" fileid="5" />
                <SequencePoint vc="0" uspid="208" ordinal="6" offset="192" sl="214" sc="13" el="214" ec="109" bec="0" bev="0" fileid="5" />
                <SequencePoint vc="0" uspid="209" ordinal="7" offset="220" sl="215" sc="13" el="215" ec="105" bec="0" bev="0" fileid="5" />
                <SequencePoint vc="0" uspid="210" ordinal="8" offset="248" sl="216" sc="13" el="216" ec="69" bec="0" bev="0" fileid="5" />
                <SequencePoint vc="0" uspid="211" ordinal="9" offset="266" sl="217" sc="13" el="217" ec="75" bec="0" bev="0" fileid="5" />
                <SequencePoint vc="0" uspid="212" ordinal="10" offset="284" sl="218" sc="9" el="218" ec="10" bec="0" bev="0" fileid="5" />
              </SequencePoints>
              <BranchPoints />
              <MethodPoint xsi:type="SequencePoint" vc="0" uspid="202" ordinal="0" offset="0" sl="191" sc="9" el="191" ec="10" bec="0" bev="0" fileid="5" />
            </Method>
            <Method visited="false" cyclomaticComplexity="1" nPathComplexity="0" sequenceCoverage="0" branchCoverage="0" crapScore="2" isConstructor="true" isStatic="false" isGetter="false" isSetter="false">
              <Summary numSequencePoints="0" visitedSequencePoints="0" numBranchPoints="0" visitedBranchPoints="0" sequenceCoverage="0" branchCoverage="0" maxCyclomaticComplexity="1" minCyclomaticComplexity="1" maxCrapScore="2" minCrapScore="2" visitedClasses="0" numClasses="0" visitedMethods="0" numMethods="0" />
              <MetadataToken>100663336</MetadataToken>
              <Name>System.Void Lunggo.ApCommonTests.Activity.ApiSrc.SearchLogic.Tests.SearchActivityLogicTest::.ctor()</Name>
              <SequencePoints />
              <BranchPoints />
              <MethodPoint vc="0" uspid="213" ordinal="0" offset="0" />
            </Method>
          </Methods>
        </Class>
        <Class>
          <Summary numSequencePoints="46" visitedSequencePoints="0" numBranchPoints="7" visitedBranchPoints="0" sequenceCoverage="0" branchCoverage="0" maxCyclomaticComplexity="1" minCyclomaticComplexity="1" maxCrapScore="2" minCrapScore="2" visitedClasses="0" numClasses="1" visitedMethods="0" numMethods="7" />
          <FullName>Lunggo.ApCommonTests.Activity.ApiSrc.GetDetailLogic.Tests.GetDetailActivityLogicTest</FullName>
          <Methods>
            <Method visited="false" cyclomaticComplexity="1" nPathComplexity="0" sequenceCoverage="0" branchCoverage="0" crapScore="2" isConstructor="false" isStatic="false" isGetter="false" isSetter="false">
              <Summary numSequencePoints="5" visitedSequencePoints="0" numBranchPoints="1" visitedBranchPoints="0" sequenceCoverage="0" branchCoverage="0" maxCyclomaticComplexity="1" minCyclomaticComplexity="1" maxCrapScore="2" minCrapScore="2" visitedClasses="0" numClasses="0" visitedMethods="0" numMethods="1" />
              <MetadataToken>100663337</MetadataToken>
              <Name>System.Void Lunggo.ApCommonTests.Activity.ApiSrc.GetDetailLogic.Tests.GetDetailActivityLogicTest::TryPreprocess_Null_ReturnFalse()</Name>
              <FileRef uid="6" />
              <SequencePoints>
                <SequencePoint vc="0" uspid="214" ordinal="0" offset="0" sl="12" sc="9" el="12" ec="10" bec="0" bev="0" fileid="6" />
                <SequencePoint vc="0" uspid="215" ordinal="1" offset="1" sl="13" sc="13" el="13" ec="56" bec="0" bev="0" fileid="6" />
                <SequencePoint vc="0" uspid="216" ordinal="2" offset="3" sl="14" sc="13" el="14" ec="87" bec="0" bev="0" fileid="6" />
                <SequencePoint vc="0" uspid="217" ordinal="3" offset="12" sl="15" sc="13" el="15" ec="36" bec="0" bev="0" fileid="6" />
                <SequencePoint vc="0" uspid="218" ordinal="4" offset="19" sl="16" sc="9" el="16" ec="10" bec="0" bev="0" fileid="6" />
              </SequencePoints>
              <BranchPoints />
              <MethodPoint xsi:type="SequencePoint" vc="0" uspid="214" ordinal="0" offset="0" sl="12" sc="9" el="12" ec="10" bec="0" bev="0" fileid="6" />
            </Method>
            <Method visited="false" cyclomaticComplexity="1" nPathComplexity="0" sequenceCoverage="0" branchCoverage="0" crapScore="2" isConstructor="false" isStatic="false" isGetter="false" isSetter="false">
              <Summary numSequencePoints="5" visitedSequencePoints="0" numBranchPoints="1" visitedBranchPoints="0" sequenceCoverage="0" branchCoverage="0" maxCyclomaticComplexity="1" minCyclomaticComplexity="1" maxCrapScore="2" minCrapScore="2" visitedClasses="0" numClasses="0" visitedMethods="0" numMethods="1" />
              <MetadataToken>100663338</MetadataToken>
              <Name>System.Void Lunggo.ApCommonTests.Activity.ApiSrc.GetDetailLogic.Tests.GetDetailActivityLogicTest::TryPreprocess_IsntNumeric_ReturnFalse()</Name>
              <FileRef uid="6" />
              <SequencePoints>
                <SequencePoint vc="0" uspid="219" ordinal="0" offset="0" sl="20" sc="9" el="20" ec="10" bec="0" bev="0" fileid="6" />
                <SequencePoint vc="0" uspid="220" ordinal="1" offset="1" sl="21" sc="13" el="21" ec="83" bec="0" bev="0" fileid="6" />
                <SequencePoint vc="0" uspid="221" ordinal="2" offset="19" sl="22" sc="13" el="22" ec="87" bec="0" bev="0" fileid="6" />
                <SequencePoint vc="0" uspid="222" ordinal="3" offset="28" sl="23" sc="13" el="23" ec="36" bec="0" bev="0" fileid="6" />
                <SequencePoint vc="0" uspid="223" ordinal="4" offset="35" sl="24" sc="9" el="24" ec="10" bec="0" bev="0" fileid="6" />
              </SequencePoints>
              <BranchPoints />
              <MethodPoint xsi:type="SequencePoint" vc="0" uspid="219" ordinal="0" offset="0" sl="20" sc="9" el="20" ec="10" bec="0" bev="0" fileid="6" />
            </Method>
            <Method visited="false" cyclomaticComplexity="1" nPathComplexity="0" sequenceCoverage="0" branchCoverage="0" crapScore="2" isConstructor="false" isStatic="false" isGetter="false" isSetter="false">
              <Summary numSequencePoints="5" visitedSequencePoints="0" numBranchPoints="1" visitedBranchPoints="0" sequenceCoverage="0" branchCoverage="0" maxCyclomaticComplexity="1" minCyclomaticComplexity="1" maxCrapScore="2" minCrapScore="2" visitedClasses="0" numClasses="0" visitedMethods="0" numMethods="1" />
              <MetadataToken>100663339</MetadataToken>
              <Name>System.Void Lunggo.ApCommonTests.Activity.ApiSrc.GetDetailLogic.Tests.GetDetailActivityLogicTest::TryPreprocess_LessThanZero_ReturnFalse()</Name>
              <FileRef uid="6" />
              <SequencePoints>
                <SequencePoint vc="0" uspid="224" ordinal="0" offset="0" sl="28" sc="9" el="28" ec="10" bec="0" bev="0" fileid="6" />
                <SequencePoint vc="0" uspid="225" ordinal="1" offset="1" sl="29" sc="13" el="29" ec="83" bec="0" bev="0" fileid="6" />
                <SequencePoint vc="0" uspid="226" ordinal="2" offset="19" sl="30" sc="13" el="30" ec="87" bec="0" bev="0" fileid="6" />
                <SequencePoint vc="0" uspid="227" ordinal="3" offset="28" sl="31" sc="13" el="31" ec="36" bec="0" bev="0" fileid="6" />
                <SequencePoint vc="0" uspid="228" ordinal="4" offset="35" sl="32" sc="9" el="32" ec="10" bec="0" bev="0" fileid="6" />
              </SequencePoints>
              <BranchPoints />
              <MethodPoint xsi:type="SequencePoint" vc="0" uspid="224" ordinal="0" offset="0" sl="28" sc="9" el="28" ec="10" bec="0" bev="0" fileid="6" />
            </Method>
[...]
            </Method>
            <Method visited="false" cyclomaticComplexity="1" nPathComplexity="0" sequenceCoverage="0" branchCoverage="0" crapScore="2" isConstructor="false" isStatic="false" isGetter="false" isSetter="false">
              <Summary numSequencePoints="7" visitedSequencePoints="0" numBranchPoints="1" visitedBranchPoints="0" sequenceCoverage="0" branchCoverage="0" maxCyclomaticComplexity="1" minCyclomaticComplexity="1" maxCrapScore="2" minCrapScore="2" visitedClasses="0" numClasses="0" visitedMethods="0" numMethods="1" />
              <MetadataToken>100663369</MetadataToken>
              <Name>System.Void Lunggo.ApCommonTests.Activity.ApiSrc.BookLogic.Tests.BookLogicTest::AssembleApiResponse_Invalid_ReturnStatusandValidationResult()</Name>
              <FileRef uid="10" />
              <SequencePoints>
                <SequencePoint vc="0" uspid="407" ordinal="0" offset="0" sl="259" sc="9" el="259" ec="10" bec="0" bev="0" fileid="10" />
                <SequencePoint vc="0" uspid="408" ordinal="1" offset="1" sl="260" sc="13" el="260" ec="67" bec="0" bev="0" fileid="10" />
                <SequencePoint vc="0" uspid="409" ordinal="2" offset="15" sl="262" sc="13" el="262" ec="112" bec="0" bev="0" fileid="10" />
                <SequencePoint vc="0" uspid="410" ordinal="3" offset="41" sl="264" sc="13" el="264" ec="73" bec="0" bev="0" fileid="10" />
                <SequencePoint vc="0" uspid="411" ordinal="4" offset="48" sl="266" sc="13" el="266" ec="75" bec="0" bev="0" fileid="10" />
                <SequencePoint vc="0" uspid="412" ordinal="5" offset="66" sl="267" sc="13" el="267" ec="81" bec="0" bev="0" fileid="10" />
                <SequencePoint vc="0" uspid="413" ordinal="6" offset="84" sl="268" sc="9" el="268" ec="10" bec="0" bev="0" fileid="10" />
              </SequencePoints>
              <BranchPoints />
              <MethodPoint xsi:type="SequencePoint" vc="0" uspid="407" ordinal="0" offset="0" sl="259" sc="9" el="259" ec="10" bec="0" bev="0" fileid="10" />
            </Method>
            <Method visited="false" cyclomaticComplexity="1" nPathComplexity="0" sequenceCoverage="0" branchCoverage="0" crapScore="2" isConstructor="false" isStatic="false" isGetter="false" isSetter="false">
              <Summary numSequencePoints="9" visitedSequencePoints="0" numBranchPoints="1" visitedBranchPoints="0" sequenceCoverage="0" branchCoverage="0" maxCyclomaticComplexity="1" minCyclomaticComplexity="1" maxCrapScore="2" minCrapScore="2" visitedClasses="0" numClasses="0" visitedMethods="0" numMethods="1" />
              <MetadataToken>100663370</MetadataToken>
              <Name>System.Void Lunggo.ApCommonTests.Activity.ApiSrc.BookLogic.Tests.BookLogicTest::AssembleApiResponse_Valid_ReturnWithRsvNo()</Name>
              <FileRef uid="10" />
              <SequencePoints>
                <SequencePoint vc="0" uspid="414" ordinal="0" offset="0" sl="272" sc="9" el="272" ec="10" bec="0" bev="0" fileid="10" />
                <SequencePoint vc="0" uspid="415" ordinal="1" offset="1" sl="273" sc="13" el="278" ec="15" bec="0" bev="0" fileid="10" />
                <SequencePoint vc="0" uspid="416" ordinal="2" offset="46" sl="280" sc="13" el="286" ec="15" bec="0" bev="0" fileid="10" />
                <SequencePoint vc="0" uspid="417" ordinal="3" offset="108" sl="288" sc="13" el="288" ec="73" bec="0" bev="0" fileid="10" />
                <SequencePoint vc="0" uspid="418" ordinal="4" offset="115" sl="290" sc="13" el="290" ec="75" bec="0" bev="0" fileid="10" />
                <SequencePoint vc="0" uspid="419" ordinal="5" offset="133" sl="291" sc="13" el="291" ec="71" bec="0" bev="0" fileid="10" />
                <SequencePoint vc="0" uspid="420" ordinal="6" offset="151" sl="292" sc="13" el="292" ec="79" bec="0" bev="0" fileid="10" />
                <SequencePoint vc="0" uspid="421" ordinal="7" offset="169" sl="293" sc="13" el="293" ec="81" bec="0" bev="0" fileid="10" />
                <SequencePoint vc="0" uspid="422" ordinal="8" offset="187" sl="294" sc="9" el="294" ec="10" bec="0" bev="0" fileid="10" />
              </SequencePoints>
              <BranchPoints />
              <MethodPoint xsi:type="SequencePoint" vc="0" uspid="414" ordinal="0" offset="0" sl="272" sc="9" el="272" ec="10" bec="0" bev="0" fileid="10" />
            </Method>
            <Method visited="false" cyclomaticComplexity="1" nPathComplexity="0" sequenceCoverage="0" branchCoverage="0" crapScore="2" isConstructor="true" isStatic="false" isGetter="false" isSetter="false">
              <Summary numSequencePoints="0" visitedSequencePoints="0" numBranchPoints="0" visitedBranchPoints="0" sequenceCoverage="0" branchCoverage="0" maxCyclomaticComplexity="1" minCyclomaticComplexity="1" maxCrapScore="2" minCrapScore="2" visitedClasses="0" numClasses="0" visitedMethods="0" numMethods="0" />
              <MetadataToken>100663371</MetadataToken>
              <Name>System.Void Lunggo.ApCommonTests.Activity.ApiSrc.BookLogic.Tests.BookLogicTest::.ctor()</Name>
              <SequencePoints />
              <BranchPoints />
              <MethodPoint vc="0" uspid="423" ordinal="0" offset="0" />
            </Method>
          </Methods>
        </Class>
      </Classes>
      <TrackedMethods>
        <TrackedMethod uid="1" token="100663299" name="System.Void Lunggo.ApCommonTests.Activity.Service.ActivityServiceTests::ConvertToReservationForDisplay_null_returnNull()" strategy="MSTestTest" />
        <TrackedMethod uid="2" token="100663300" name="System.Void Lunggo.ApCommonTests.Activity.Service.ActivityServiceTests::ConvertToActivityDetailForDisplay_null_returnNull()" strategy="MSTestTest" />
        <TrackedMethod uid="3" token="100663301" name="System.Void Lunggo.ApCommonTests.Activity.Service.ActivityServiceTests::ConvertToActivityDetailForDisplay_valid_returnConvertedAct()" strategy="MSTestTest" />
        <TrackedMethod uid="4" token="100663302" name="System.Void Lunggo.ApCommonTests.Activity.Service.ActivityServiceTests::ConvertToActivityDetailForDisplay_ListofNull_returnNull()" strategy="MSTestTest" />
        <TrackedMethod uid="5" token="100663303" name="System.Void Lunggo.ApCommonTests.Activity.Service.ActivityServiceTests::ConvertToActivityDetailForDisplay_ListofValidInput_returnListofConvertedAct()" strategy="MSTestTest" />
        <TrackedMethod uid="6" token="100663304" name="System.Void Lunggo.ApCommonTests.Activity.Service.ActivityServiceTests::MapReservationStatus_RsvStatusUndefined_returnUndefined()" strategy="MSTestTest" />
        <TrackedMethod uid="7" token="100663305" name="System.Void Lunggo.ApCommonTests.Activity.Service.ActivityServiceTests::MapReservationStatus_RsvStatusCancelled_returnCancelled()" strategy="MSTestTest" />
        <TrackedMethod uid="8" token="100663306" name="System.Void Lunggo.ApCommonTests.Activity.Service.ActivityServiceTests::MapReservationStatus_PaymentStatusCancelled_returnCancelled()" strategy="MSTestTest" />
        <TrackedMethod uid="9" token="100663307" name="System.Void Lunggo.ApCommonTests.Activity.Service.ActivityServiceTests::MapReservationStatus_RsvStatusExpired_returnExpired()" strategy="MSTestTest" />
        <TrackedMethod uid="10" token="100663308" name="System.Void Lunggo.ApCommonTests.Activity.Service.ActivityServiceTests::MapReservationStatus_PaymentStatusExpired_returnExpired()" strategy="MSTestTest" />
        <TrackedMethod uid="11" token="100663309" name="System.Void Lunggo.ApCommonTests.Activity.Service.ActivityServiceTests::MapReservationStatus_PaymentStatusDenied_returnPaymentDenied()" strategy="MSTestTest" />
        <TrackedMethod uid="12" token="100663310" name="System.Void Lunggo.ApCommonTests.Activity.Service.ActivityServiceTests::MapReservationStatus_PaymentStatusFailed_returnFailedUnpaid()" strategy="MSTestTest" />
        <TrackedMethod uid="13" token="100663311" name="System.Void Lunggo.ApCommonTests.Activity.Service.ActivityServiceTests::MapReservationStatus_RsvStatusFailedPaymentStatusSettled_returnFailedPaid()" strategy="MSTestTest" />
        <TrackedMethod uid="14" token="100663312" name="System.Void Lunggo.ApCommonTests.Activity.Service.ActivityServiceTests::MapReservationStatus_RsvStatusFailedPaymentStatusNotSettled_returnFailedUnpaid()" strategy="MSTestTest" />
        <TrackedMethod uid="15" token="100663313" name="System.Void Lunggo.ApCommonTests.Activity.Service.ActivityServiceTests::MapReservationStatus_PaymentMethodUndefined_returnReserved()" strategy="MSTestTest" />
        <TrackedMethod uid="16" token="100663314" name="System.Void Lunggo.ApCommonTests.Activity.Service.ActivityServiceTests::MapReservationStatus_PaymentStatusSettledRsvStatusCompleted_returnIssued()" strategy="MSTestTest" />
        <TrackedMethod uid="17" token="100663315" name="System.Void Lunggo.ApCommonTests.Activity.Service.ActivityServiceTests::MapReservationStatus_PaymentStatusSettledRsvStatusNotCompleted_returnPaid()" strategy="MSTestTest" />
        <TrackedMethod uid="18" token="100663316" name="System.Void Lunggo.ApCommonTests.Activity.Service.ActivityServiceTests::MapReservationStatus_PaymentStatusNotSettledPaymentMethodVirtualAccount_returnPendingPayment()" strategy="MSTestTest" />
        <TrackedMethod uid="19" token="100663317" name="System.Void Lunggo.ApCommonTests.Activity.Service.ActivityServiceTests::MapReservationStatus_PaymentStatusNotSettledPaymentMethodBankTransfer_returnPendingPayment()" strategy="MSTestTest" />
        <TrackedMethod uid="20" token="100663319" name="System.Void Lunggo.ApCommonTests.Activity.Service.Tests.ActivityServiceTests::Init_False_Test()" strategy="MSTestTest" />
        <TrackedMethod uid="21" token="100663321" name="System.Void Lunggo.ApCommonTests.Activity.ApiSrc.SearchLogic.Tests.SearchActivityLogicTest::Search_Null_ReturnBadRequest()" strategy="MSTestTest" />
        <TrackedMethod uid="22" token="100663322" name="System.Void Lunggo.ApCommonTests.Activity.ApiSrc.SearchLogic.Tests.SearchActivityLogicTest::Search_ValidInput_ReturnSomething()" strategy="MSTestTest" />
        <TrackedMethod uid="23" token="100663323" name="System.Void Lunggo.ApCommonTests.Activity.ApiSrc.SearchLogic.Tests.SearchActivityLogicTest::AssembleApiResponse_SearchActivityOutput_ReturnActivitySearchApiResponse()" strategy="MSTestTest" />
        <TrackedMethod uid="24" token="100663324" name="System.Void Lunggo.ApCommonTests.Activity.ApiSrc.SearchLogic.Tests.SearchActivityLogicTest::TryPreprocess_Null_ReturnFalse()" strategy="MSTestTest" />
        <TrackedMethod uid="25" token="100663325" name="System.Void Lunggo.ApCommonTests.Activity.ApiSrc.SearchLogic.Tests.SearchActivityLogicTest::TryPreprocess_PageIsntNumeric_ReturnFalse()" strategy="MSTestTest" />
        <TrackedMethod uid="26" token="100663326" name="System.Void Lunggo.ApCommonTests.Activity.ApiSrc.SearchLogic.Tests.SearchActivityLogicTest::TryPreprocess_PageLessThanZero_ReturnFalse()" strategy="MSTestTest" />
        <TrackedMethod uid="27" token="100663327" name="System.Void Lunggo.ApCommonTests.Activity.ApiSrc.SearchLogic.Tests.SearchActivityLogicTest::TryPreprocess_PerPageIsntNumeric_ReturnFalse()" strategy="MSTestTest" />
        <TrackedMethod uid="28" token="100663328" name="System.Void Lunggo.ApCommonTests.Activity.ApiSrc.SearchLogic.Tests.SearchActivityLogicTest::TryPreprocess_PerPageLessThanZero_ReturnFalse()" strategy="MSTestTest" />
        <TrackedMethod uid="29" token="100663329" name="System.Void Lunggo.ApCommonTests.Activity.ApiSrc.SearchLogic.Tests.SearchActivityLogicTest::TryPreprocess_StartDateNullorEmpty_ReturnFalse()" strategy="MSTestTest" />
        <TrackedMethod uid="30" token="100663330" name="System.Void Lunggo.ApCommonTests.Activity.ApiSrc.SearchLogic.Tests.SearchActivityLogicTest::TryPreprocess_StartDateValid_ReturnFalse()" strategy="MSTestTest" />
        <TrackedMethod uid="31" token="100663331" name="System.Void Lunggo.ApCommonTests.Activity.ApiSrc.SearchLogic.Tests.SearchActivityLogicTest::TryPreprocess_StartDateInvalid_ReturnFalse()" strategy="MSTestTest" />
        <TrackedMethod uid="32" token="100663332" name="System.Void Lunggo.ApCommonTests.Activity.ApiSrc.SearchLogic.Tests.SearchActivityLogicTest::TryPreprocess_EndDateNullorEmpty_ReturnFalse()" strategy="MSTestTest" />
        <TrackedMethod uid="33" token="100663333" name="System.Void Lunggo.ApCommonTests.Activity.ApiSrc.SearchLogic.Tests.SearchActivityLogicTest::TryPreprocess_EndDateValid_ReturnFalse()" strategy="MSTestTest" />
        <TrackedMethod uid="34" token="100663334" name="System.Void Lunggo.ApCommonTests.Activity.ApiSrc.SearchLogic.Tests.SearchActivityLogicTest::TryPreprocess_EndDateInvalid_ReturnFalse()" strategy="MSTestTest" />
        <TrackedMethod uid="35" token="100663335" name="System.Void Lunggo.ApCommonTests.Activity.ApiSrc.SearchLogic.Tests.SearchActivityLogicTest::TryPreprocess_DateValid_ReturnFalse()" strategy="MSTestTest" />
        <TrackedMethod uid="36" token="100663337" name="System.Void Lunggo.ApCommonTests.Activity.ApiSrc.GetDetailLogic.Tests.GetDetailActivityLogicTest::TryPreprocess_Null_ReturnFalse()" strategy="MSTestTest" />
        <TrackedMethod uid="37" token="100663338" name="System.Void Lunggo.ApCommonTests.Activity.ApiSrc.GetDetailLogic.Tests.GetDetailActivityLogicTest::TryPreprocess_IsntNumeric_ReturnFalse()" strategy="MSTestTest" />
        <TrackedMethod uid="38" token="100663339" name="System.Void Lunggo.ApCommonTests.Activity.ApiSrc.GetDetailLogic.Tests.GetDetailActivityLogicTest::TryPreprocess_LessThanZero_ReturnFalse()" strategy="MSTestTest" />
        <TrackedMethod uid="39" token="100663340" name="System.Void Lunggo.ApCommonTests.Activity.ApiSrc.GetDetailLogic.Tests.GetDetailActivityLogicTest::TryPreprocess_MoreThanZero_ReturnTrue()" strategy="MSTestTest" />
        <TrackedMethod uid="40" token="100663341" name="System.Void Lunggo.ApCommonTests.Activity.ApiSrc.GetDetailLogic.Tests.GetDetailActivityLogicTest::GetDetail_Null_ReturnBadRequest()" strategy="MSTestTest" />
        <TrackedMethod uid="41" token="100663342" name="System.Void Lunggo.ApCommonTests.Activity.ApiSrc.GetDetailLogic.Tests.GetDetailActivityLogicTest::GetDetail_ValidInput_ReturnSomething()" strategy="MSTestTest" />
        <TrackedMethod uid="42" token="100663343" name="System.Void Lunggo.ApCommonTests.Activity.ApiSrc.GetDetailLogic.Tests.GetDetailActivityLogicTest::AssembleApiResponse_GetDetailActivityOutput_ReturnGetDetailActivityApiResponse()" strategy="MSTestTest" />
        <TrackedMethod uid="43" token="100663345" name="System.Void Lunggo.ApCommonTests.Activity.ApiSrc.GetAvailableLogic.Tests.GetAvailableDatesLogicTest::GetAvailableDates_Null_ReturnBadRequest()" strategy="MSTestTest" />
        <TrackedMethod uid="44" token="100663346" name="System.Void Lunggo.ApCommonTests.Activity.ApiSrc.GetAvailableLogic.Tests.GetAvailableDatesLogicTest::GetAvailableDates_ValidInput_ReturnSomething()" strategy="MSTestTest" />
        <TrackedMethod uid="45" token="100663347" name="System.Void Lunggo.ApCommonTests.Activity.ApiSrc.GetAvailableLogic.Tests.GetAvailableDatesLogicTest::AssembleApiResponse_GetAvailableDatesOutput_ReturnGetAvailableDatesApiResponse()" strategy="MSTestTest" />
        <TrackedMethod uid="46" token="100663348" name="System.Void Lunggo.ApCommonTests.Activity.ApiSrc.GetAvailableLogic.Tests.GetAvailableDatesLogicTest::TryPreprocess_Null_ReturnFalse()" strategy="MSTestTest" />
        <TrackedMethod uid="47" token="100663349" name="System.Void Lunggo.ApCommonTests.Activity.ApiSrc.GetAvailableLogic.Tests.GetAvailableDatesLogicTest::TryPreprocess_IsntNumeric_ReturnFalse()" strategy="MSTestTest" />
        <TrackedMethod uid="48" token="100663350" name="System.Void Lunggo.ApCommonTests.Activity.ApiSrc.GetAvailableLogic.Tests.GetAvailableDatesLogicTest::TryPreprocess_LessThanZero_ReturnFalse()" strategy="MSTestTest" />
        <TrackedMethod uid="49" token="100663351" name="System.Void Lunggo.ApCommonTests.Activity.ApiSrc.GetAvailableLogic.Tests.GetAvailableDatesLogicTest::TryPreprocess_MoreThanZero_ReturnTrue()" strategy="MSTestTest" />
        <TrackedMethod uid="50" token="100663353" name="System.Void Lunggo.ApCommonTests.Activity.ApiSrc.BookLogic.Tests.BookLogicTest::Book_Null_ReturnBadRequest()" strategy="MSTestTest" />
        <TrackedMethod uid="51" token="100663354" name="System.Void Lunggo.ApCommonTests.Activity.ApiSrc.BookLogic.Tests.BookLogicTest::Book_Valid_NullException()" strategy="MSTestTest" />
        <TrackedMethod uid="52" token="100663355" name="System.Void Lunggo.ApCommonTests.Activity.ApiSrc.BookLogic.Tests.BookLogicTest::IsValid_Null_ReturnFalse()" strategy="MSTestTest" />
        <TrackedMethod uid="53" token="100663356" name="System.Void Lunggo.ApCommonTests.Activity.ApiSrc.BookLogic.Tests.BookLogicTest::IsValid_EmptyPassengerName_ReturnFalse()" strategy="MSTestTest" />
        <TrackedMethod uid="54" token="100663357" name="System.Void Lunggo.ApCommonTests.Activity.ApiSrc.BookLogic.Tests.BookLogicTest::IsValid_EmptyPassengerNationality_ReturnFalse()" strategy="MSTestTest" />
        <TrackedMethod uid="55" token="100663358" name="System.Void Lunggo.ApCommonTests.Activity.ApiSrc.BookLogic.Tests.BookLogicTest::IsValid_PassengerNationalityNotEqualTwoChar_ReturnFalse()" strategy="MSTestTest" />
        <TrackedMethod uid="56" token="100663359" name="System.Void Lunggo.ApCommonTests.Activity.ApiSrc.BookLogic.Tests.BookLogicTest::IsValid_ContactNull_ReturnFalse()" strategy="MSTestTest" />
        <TrackedMethod uid="57" token="100663360" name="System.Void Lunggo.ApCommonTests.Activity.ApiSrc.BookLogic.Tests.BookLogicTest::IsValid_PassengersNull_ReturnFalse()" strategy="MSTestTest" />
        <TrackedMethod uid="58" token="100663361" name="System.Void Lunggo.ApCommonTests.Activity.ApiSrc.BookLogic.Tests.BookLogicTest::IsValid_ActvityIdNullOrEmpty_ReturnFalse()" strategy="MSTestTest" />
        <TrackedMethod uid="59" token="100663362" name="System.Void Lunggo.ApCommonTests.Activity.ApiSrc.BookLogic.Tests.BookLogicTest::IsValid_LanguageCodeNullOrEmpty_ReturnFalse()" strategy="MSTestTest" />
        <TrackedMethod uid="60" token="100663363" name="System.Void Lunggo.ApCommonTests.Activity.ApiSrc.BookLogic.Tests.BookLogicTest::IsValid_TitleContactUndefined_ReturnFalse()" strategy="MSTestTest" />
        <TrackedMethod uid="61" token="100663364" name="System.Void Lunggo.ApCommonTests.Activity.ApiSrc.BookLogic.Tests.BookLogicTest::IsValid_ContactNameNullOrEmpty_ReturnFalse()" strategy="MSTestTest" />
        <TrackedMethod uid="62" token="100663365" name="System.Void Lunggo.ApCommonTests.Activity.ApiSrc.BookLogic.Tests.BookLogicTest::IsValid_ContactPhoneNullOrEmpty_ReturnFalse()" strategy="MSTestTest" />
        <TrackedMethod uid="63" token="100663366" name="System.Void Lunggo.ApCommonTests.Activity.ApiSrc.BookLogic.Tests.BookLogicTest::IsValid_ContactEmailNullOrEmpty_ReturnFalse()" strategy="MSTestTest" />
        <TrackedMethod uid="64" token="100663367" name="System.Void Lunggo.ApCommonTests.Activity.ApiSrc.BookLogic.Tests.BookLogicTest::IsValid_ContactCallingCdNullOrEmpty_ReturnFalse()" strategy="MSTestTest" />
        <TrackedMethod uid="65" token="100663368" name="System.Void Lunggo.ApCommonTests.Activity.ApiSrc.BookLogic.Tests.BookLogicTest::AssembleApiResponse_Null_ReturnEmptyObject()" strategy="MSTestTest" />
        <TrackedMethod uid="66" token="100663369" name="System.Void Lunggo.ApCommonTests.Activity.ApiSrc.BookLogic.Tests.BookLogicTest::AssembleApiResponse_Invalid_ReturnStatusandValidationResult()" strategy="MSTestTest" />
        <TrackedMethod uid="67" token="100663370" name="System.Void Lunggo.ApCommonTests.Activity.ApiSrc.BookLogic.Tests.BookLogicTest::AssembleApiResponse_Valid_ReturnWithRsvNo()" strategy="MSTestTest" />
      </TrackedMethods>
    </Module>
  </Modules>
</CoverageSession>